#
# There is insufficient memory for the Java Runtime Environment to continue.
# Native memory allocation (malloc) failed to allocate 392496 bytes. Error detail: Chunk::new
# Possible reasons:
#   The system is out of physical RAM or swap space
#   This process is running with CompressedOops enabled, and the Java Heap may be blocking the growth of the native heap
# Possible solutions:
#   Reduce memory load on the system
#   Increase physical memory or swap space
#   Check if swap backing store is full
#   Decrease Java heap size (-Xmx/-Xms)
#   Decrease number of Java threads
#   Decrease Java thread stack sizes (-Xss)
#   Set larger code cache with -XX:ReservedCodeCacheSize=
#   JVM is running with Zero Based Compressed Oops mode in which the Java heap is
#     placed in the first 32GB address space. The Java Heap base address is the
#     maximum limit for the native heap growth. Please use -XX:HeapBaseMinAddress
#     to set the Java Heap base and to place the Java Heap above 32GB virtual address.
# This output file may be truncated or incomplete.
#
#  Out of Memory Error (arena.cpp:191), pid=15772, tid=9288
#
# JRE version: OpenJDK Runtime Environment Corretto-17.0.16.8.1 (17.0.16+8) (build 17.0.16+8-LTS)
# Java VM: OpenJDK 64-Bit Server VM Corretto-17.0.16.8.1 (17.0.16+8-LTS, mixed mode, sharing, tiered, compressed oops, compressed class ptrs, g1 gc, windows-amd64)
# No core dump will be written. Minidumps are not enabled by default on client versions of Windows
#

---------------  S U M M A R Y ------------

Command Line: -javaagent:C:\Program Files\JetBrains\IntelliJ IDEA 2024.2.0.1\lib\idea_rt.jar=53081:C:\Program Files\JetBrains\IntelliJ IDEA 2024.2.0.1\bin -Dfile.encoding=UTF-8 --module-path=C:\Users\Asus\.m2\repository\org\openjfx\javafx-base\17.0.6\javafx-base-17.0.6-win.jar;C:\Users\Asus\.m2\repository\org\openjfx\javafx-graphics\17.0.6\javafx-graphics-17.0.6-win.jar;C:\Users\Asus\IdeaProjects\GameSudoku\target\classes;C:\Users\Asus\.m2\repository\org\openjfx\javafx-controls\17.0.6\javafx-controls-17.0.6-win.jar;C:\Users\Asus\.m2\repository\org\openjfx\javafx-fxml\17.0.6\javafx-fxml-17.0.6-win.jar -Djdk.module.main=com.example.gamesudoku com.example.gamesudoku/com.example.gamesudoku.Main

Host: AMD Ryzen 5 3500U with Radeon Vega Mobile Gfx  , 8 cores, 9G,  Windows 11 , 64 bit Build 26100 (10.0.26100.5074)
Time: Wed Oct 15 23:08:55 2025 Hora est. Pacífico, Sudamérica elapsed time: 25.192262 seconds (0d 0h 0m 25s)

---------------  T H R E A D  ---------------

Current thread (0x000002d5f67043c0):  JavaThread "C2 CompilerThread0" daemon [_thread_in_native, id=9288, stack(0x000000e49fe00000,0x000000e49ff00000)]


Current CompileTask:
C2:  25192 2681   !   4       java.util.concurrent.locks.AbstractQueuedSynchronizer::acquire (407 bytes)

Stack: [0x000000e49fe00000,0x000000e49ff00000]
Native frames: (J=compiled Java code, j=interpreted, Vv=VM code, C=native code)
V  [jvm.dll+0x681329]
V  [jvm.dll+0x838dda]
V  [jvm.dll+0x83a89e]
V  [jvm.dll+0x83af03]
V  [jvm.dll+0x2484af]
V  [jvm.dll+0xaca34]
V  [jvm.dll+0xad07c]
V  [jvm.dll+0x367b12]
V  [jvm.dll+0x331f0a]
V  [jvm.dll+0x3313aa]
V  [jvm.dll+0x21a931]
V  [jvm.dll+0x219d71]
V  [jvm.dll+0x1a5a8d]
V  [jvm.dll+0x229a9d]
V  [jvm.dll+0x227c5c]
V  [jvm.dll+0x7edd17]
V  [jvm.dll+0x7e826c]
V  [jvm.dll+0x6801f7]
C  [ucrtbase.dll+0x37b0]
C  [KERNEL32.DLL+0x2e8d7]
C  [ntdll.dll+0x8d9c]


---------------  P R O C E S S  ---------------

Threads class SMR info:
_java_thread_list=0x000002d5fbce9d00, length=21, elements={
0x000002d5d6fca4d0, 0x000002d5f66e2490, 0x000002d5f66e3bc0, 0x000002d5f66f9a70,
0x000002d5f66fc540, 0x000002d5f66fe5e0, 0x000002d5f66fefa0, 0x000002d5f67043c0,
0x000002d5f67118e0, 0x000002d5f671b620, 0x000002d5f6934060, 0x000002d5f69317e0,
0x000002d5f6933640, 0x000002d5f6931cf0, 0x000002d5f6932710, 0x000002d5f6932c20,
0x000002d5f6933130, 0x000002d5f6934a80, 0x000002d5f6933b50, 0x000002d5fbcc53b0,
0x000002d5fb31a890
}

Java Threads: ( => current thread )
  0x000002d5d6fca4d0 JavaThread "main" [_thread_blocked, id=8772, stack(0x000000e49f100000,0x000000e49f200000)]
  0x000002d5f66e2490 JavaThread "Reference Handler" daemon [_thread_blocked, id=13152, stack(0x000000e49f800000,0x000000e49f900000)]
  0x000002d5f66e3bc0 JavaThread "Finalizer" daemon [_thread_blocked, id=4376, stack(0x000000e49f900000,0x000000e49fa00000)]
  0x000002d5f66f9a70 JavaThread "Signal Dispatcher" daemon [_thread_blocked, id=12340, stack(0x000000e49fa00000,0x000000e49fb00000)]
  0x000002d5f66fc540 JavaThread "Attach Listener" daemon [_thread_blocked, id=11540, stack(0x000000e49fb00000,0x000000e49fc00000)]
  0x000002d5f66fe5e0 JavaThread "Service Thread" daemon [_thread_blocked, id=2700, stack(0x000000e49fc00000,0x000000e49fd00000)]
  0x000002d5f66fefa0 JavaThread "Monitor Deflation Thread" daemon [_thread_blocked, id=7880, stack(0x000000e49fd00000,0x000000e49fe00000)]
=>0x000002d5f67043c0 JavaThread "C2 CompilerThread0" daemon [_thread_in_native, id=9288, stack(0x000000e49fe00000,0x000000e49ff00000)]
  0x000002d5f67118e0 JavaThread "C1 CompilerThread0" daemon [_thread_blocked, id=7156, stack(0x000000e49ff00000,0x000000e4a0000000)]
  0x000002d5f671b620 JavaThread "Sweeper thread" daemon [_thread_blocked, id=8588, stack(0x000000e4a0000000,0x000000e4a0100000)]
  0x000002d5f6934060 JavaThread "Common-Cleaner" daemon [_thread_blocked, id=8108, stack(0x000000e4a0100000,0x000000e4a0200000)]
  0x000002d5f69317e0 JavaThread "Monitor Ctrl-Break" daemon [_thread_in_native, id=16468, stack(0x000000e4a0400000,0x000000e4a0500000)]
  0x000002d5f6933640 JavaThread "Notification Thread" daemon [_thread_blocked, id=18344, stack(0x000000e4a0500000,0x000000e4a0600000)]
  0x000002d5f6931cf0 JavaThread "QuantumRenderer-0" daemon [_thread_blocked, id=15892, stack(0x000000e4a0200000,0x000000e4a0300000)]
  0x000002d5f6932710 JavaThread "InvokeLaterDispatcher" daemon [_thread_blocked, id=11692, stack(0x000000e4a0300000,0x000000e4a0400000)]
  0x000002d5f6932c20 JavaThread "JavaFX Application Thread" [_thread_in_native, id=11244, stack(0x000000e4a0700000,0x000000e4a0800000)]
  0x000002d5f6933130 JavaThread "Thread-1" daemon [_thread_in_native, id=15388, stack(0x000000e4a0800000,0x000000e4a0900000)]
  0x000002d5f6934a80 JavaThread "JavaFX-Launcher" [_thread_blocked, id=3296, stack(0x000000e4a0900000,0x000000e4a0a00000)]
  0x000002d5f6933b50 JavaThread "Prism Font Disposer" daemon [_thread_blocked, id=10580, stack(0x000000e4a1700000,0x000000e4a1800000)]
  0x000002d5fbcc53b0 JavaThread "C2 CompilerThread1" daemon [_thread_in_native, id=6856, stack(0x000000e4a1400000,0x000000e4a1500000)]
  0x000002d5fb31a890 JavaThread "C2 CompilerThread2" daemon [_thread_in_native, id=13752, stack(0x000000e4a1900000,0x000000e4a1a00000)]

Other Threads:
  0x000002d5f66de3f0 VMThread "VM Thread" [stack: 0x000000e49f700000,0x000000e49f800000] [id=11028]
  0x000002d5fb54c790 WatcherThread [stack: 0x000000e4a0600000,0x000000e4a0700000] [id=7432]
  0x000002d5d7018230 GCTaskThread "GC Thread#0" [stack: 0x000000e49f200000,0x000000e49f300000] [id=16712]
  0x000002d5f69aa310 GCTaskThread "GC Thread#1" [stack: 0x000000e4a0d00000,0x000000e4a0e00000] [id=15824]
  0x000002d5f69aa5d0 GCTaskThread "GC Thread#2" [stack: 0x000000e4a0e00000,0x000000e4a0f00000] [id=11500]
  0x000002d5f69aa890 GCTaskThread "GC Thread#3" [stack: 0x000000e4a0f00000,0x000000e4a1000000] [id=8064]
  0x000002d5f69aaf50 GCTaskThread "GC Thread#4" [stack: 0x000000e4a1000000,0x000000e4a1100000] [id=17140]
  0x000002d5fb9bb410 GCTaskThread "GC Thread#5" [stack: 0x000000e4a1100000,0x000000e4a1200000] [id=6148]
  0x000002d5f68aea50 GCTaskThread "GC Thread#6" [stack: 0x000000e4a1200000,0x000000e4a1300000] [id=2100]
  0x000002d5f68aed10 GCTaskThread "GC Thread#7" [stack: 0x000000e4a1300000,0x000000e4a1400000] [id=7532]
  0x000002d5d7020800 ConcurrentGCThread "G1 Main Marker" [stack: 0x000000e49f300000,0x000000e49f400000] [id=6276]
  0x000002d5d4e6e7d0 ConcurrentGCThread "G1 Conc#0" [stack: 0x000000e49f400000,0x000000e49f500000] [id=12344]
  0x000002d5d7074a40 ConcurrentGCThread "G1 Refine#0" [stack: 0x000000e49f500000,0x000000e49f600000] [id=17480]
  0x000002d5fb31dc20 ConcurrentGCThread "G1 Refine#1" [stack: 0x000000e4a1800000,0x000000e4a1900000] [id=17812]
  0x000002d5f65a24a0 ConcurrentGCThread "G1 Service" [stack: 0x000000e49f600000,0x000000e49f700000] [id=6568]

Threads with active compile tasks:
C2 CompilerThread0    25228 2681   !   4       java.util.concurrent.locks.AbstractQueuedSynchronizer::acquire (407 bytes)
C2 CompilerThread1    25228 2682   !   4       java.util.concurrent.LinkedBlockingDeque::offerLast (53 bytes)
C2 CompilerThread2    25228 2687   !   4       java.util.concurrent.LinkedBlockingDeque::takeFirst (47 bytes)

VM state: not at safepoint (normal execution)

VM Mutex/Monitor currently owned by a thread: None

Heap address: 0x0000000760c00000, size: 2548 MB, Compressed Oops mode: Zero based, Oop shift amount: 3

CDS archive(s) mapped at: [0x000002d580000000-0x000002d580bb0000-0x000002d580bb0000), size 12255232, SharedBaseAddress: 0x000002d580000000, ArchiveRelocationMode: 1.
Compressed class space mapped at: 0x000002d581000000-0x000002d5c1000000, reserved size: 1073741824
Narrow klass base: 0x000002d580000000, Narrow klass shift: 0, Narrow klass range: 0x100000000

GC Precious Log:
 CPUs: 8 total, 8 available
 Memory: 10187M
 Large Page Support: Disabled
 NUMA Support: Disabled
 Compressed Oops: Enabled (Zero based)
 Heap Region Size: 2M
 Heap Min Capacity: 8M
 Heap Initial Capacity: 160M
 Heap Max Capacity: 2548M
 Pre-touch: Disabled
 Parallel Workers: 8
 Concurrent Workers: 2
 Concurrent Refinement Workers: 8
 Periodic GC: Disabled

Heap:
 garbage-first heap   total 163840K, used 22379K [0x0000000760c00000, 0x0000000800000000)
  region size 2048K, 11 young (22528K), 3 survivors (6144K)
 Metaspace       used 14620K, committed 14848K, reserved 1114112K
  class space    used 2085K, committed 2176K, reserved 1048576K

Heap Regions: E=young(eden), S=young(survivor), O=old, HS=humongous(starts), HC=humongous(continues), CS=collection set, F=free, OA=open archive, CA=closed archive, TAMS=top-at-mark-start (previous, next)
|   0|0x0000000760c00000, 0x0000000760ddac00, 0x0000000760e00000| 92%| O|  |TAMS 0x0000000760c00000, 0x0000000760c00000| Untracked 
|   1|0x0000000760e00000, 0x0000000760e00000, 0x0000000761000000|  0%| F|  |TAMS 0x0000000760e00000, 0x0000000760e00000| Untracked 
|   2|0x0000000761000000, 0x0000000761000000, 0x0000000761200000|  0%| F|  |TAMS 0x0000000761000000, 0x0000000761000000| Untracked 
|   3|0x0000000761200000, 0x0000000761200000, 0x0000000761400000|  0%| F|  |TAMS 0x0000000761200000, 0x0000000761200000| Untracked 
|   4|0x0000000761400000, 0x0000000761400000, 0x0000000761600000|  0%| F|  |TAMS 0x0000000761400000, 0x0000000761400000| Untracked 
|   5|0x0000000761600000, 0x0000000761600000, 0x0000000761800000|  0%| F|  |TAMS 0x0000000761600000, 0x0000000761600000| Untracked 
|   6|0x0000000761800000, 0x0000000761800000, 0x0000000761a00000|  0%| F|  |TAMS 0x0000000761800000, 0x0000000761800000| Untracked 
|   7|0x0000000761a00000, 0x0000000761a00000, 0x0000000761c00000|  0%| F|  |TAMS 0x0000000761a00000, 0x0000000761a00000| Untracked 
|   8|0x0000000761c00000, 0x0000000761c00000, 0x0000000761e00000|  0%| F|  |TAMS 0x0000000761c00000, 0x0000000761c00000| Untracked 
|   9|0x0000000761e00000, 0x0000000761e00000, 0x0000000762000000|  0%| F|  |TAMS 0x0000000761e00000, 0x0000000761e00000| Untracked 
|  10|0x0000000762000000, 0x0000000762000000, 0x0000000762200000|  0%| F|  |TAMS 0x0000000762000000, 0x0000000762000000| Untracked 
|  11|0x0000000762200000, 0x0000000762200000, 0x0000000762400000|  0%| F|  |TAMS 0x0000000762200000, 0x0000000762200000| Untracked 
|  12|0x0000000762400000, 0x0000000762400000, 0x0000000762600000|  0%| F|  |TAMS 0x0000000762400000, 0x0000000762400000| Untracked 
|  13|0x0000000762600000, 0x0000000762600000, 0x0000000762800000|  0%| F|  |TAMS 0x0000000762600000, 0x0000000762600000| Untracked 
|  14|0x0000000762800000, 0x0000000762800000, 0x0000000762a00000|  0%| F|  |TAMS 0x0000000762800000, 0x0000000762800000| Untracked 
|  15|0x0000000762a00000, 0x0000000762a00000, 0x0000000762c00000|  0%| F|  |TAMS 0x0000000762a00000, 0x0000000762a00000| Untracked 
|  16|0x0000000762c00000, 0x0000000762c00000, 0x0000000762e00000|  0%| F|  |TAMS 0x0000000762c00000, 0x0000000762c00000| Untracked 
|  17|0x0000000762e00000, 0x0000000762e00000, 0x0000000763000000|  0%| F|  |TAMS 0x0000000762e00000, 0x0000000762e00000| Untracked 
|  18|0x0000000763000000, 0x0000000763000000, 0x0000000763200000|  0%| F|  |TAMS 0x0000000763000000, 0x0000000763000000| Untracked 
|  19|0x0000000763200000, 0x0000000763200000, 0x0000000763400000|  0%| F|  |TAMS 0x0000000763200000, 0x0000000763200000| Untracked 
|  20|0x0000000763400000, 0x0000000763400000, 0x0000000763600000|  0%| F|  |TAMS 0x0000000763400000, 0x0000000763400000| Untracked 
|  21|0x0000000763600000, 0x0000000763600000, 0x0000000763800000|  0%| F|  |TAMS 0x0000000763600000, 0x0000000763600000| Untracked 
|  22|0x0000000763800000, 0x0000000763800000, 0x0000000763a00000|  0%| F|  |TAMS 0x0000000763800000, 0x0000000763800000| Untracked 
|  23|0x0000000763a00000, 0x0000000763a00000, 0x0000000763c00000|  0%| F|  |TAMS 0x0000000763a00000, 0x0000000763a00000| Untracked 
|  24|0x0000000763c00000, 0x0000000763c00000, 0x0000000763e00000|  0%| F|  |TAMS 0x0000000763c00000, 0x0000000763c00000| Untracked 
|  25|0x0000000763e00000, 0x0000000763e00000, 0x0000000764000000|  0%| F|  |TAMS 0x0000000763e00000, 0x0000000763e00000| Untracked 
|  26|0x0000000764000000, 0x0000000764000000, 0x0000000764200000|  0%| F|  |TAMS 0x0000000764000000, 0x0000000764000000| Untracked 
|  27|0x0000000764200000, 0x0000000764200000, 0x0000000764400000|  0%| F|  |TAMS 0x0000000764200000, 0x0000000764200000| Untracked 
|  28|0x0000000764400000, 0x0000000764400000, 0x0000000764600000|  0%| F|  |TAMS 0x0000000764400000, 0x0000000764400000| Untracked 
|  29|0x0000000764600000, 0x0000000764600000, 0x0000000764800000|  0%| F|  |TAMS 0x0000000764600000, 0x0000000764600000| Untracked 
|  30|0x0000000764800000, 0x0000000764800000, 0x0000000764a00000|  0%| F|  |TAMS 0x0000000764800000, 0x0000000764800000| Untracked 
|  31|0x0000000764a00000, 0x0000000764a00000, 0x0000000764c00000|  0%| F|  |TAMS 0x0000000764a00000, 0x0000000764a00000| Untracked 
|  32|0x0000000764c00000, 0x0000000764c00000, 0x0000000764e00000|  0%| F|  |TAMS 0x0000000764c00000, 0x0000000764c00000| Untracked 
|  33|0x0000000764e00000, 0x0000000764e00000, 0x0000000765000000|  0%| F|  |TAMS 0x0000000764e00000, 0x0000000764e00000| Untracked 
|  34|0x0000000765000000, 0x0000000765000000, 0x0000000765200000|  0%| F|  |TAMS 0x0000000765000000, 0x0000000765000000| Untracked 
|  35|0x0000000765200000, 0x0000000765200000, 0x0000000765400000|  0%| F|  |TAMS 0x0000000765200000, 0x0000000765200000| Untracked 
|  36|0x0000000765400000, 0x0000000765400000, 0x0000000765600000|  0%| F|  |TAMS 0x0000000765400000, 0x0000000765400000| Untracked 
|  37|0x0000000765600000, 0x0000000765600000, 0x0000000765800000|  0%| F|  |TAMS 0x0000000765600000, 0x0000000765600000| Untracked 
|  38|0x0000000765800000, 0x0000000765800000, 0x0000000765a00000|  0%| F|  |TAMS 0x0000000765800000, 0x0000000765800000| Untracked 
|  39|0x0000000765a00000, 0x0000000765a00000, 0x0000000765c00000|  0%| F|  |TAMS 0x0000000765a00000, 0x0000000765a00000| Untracked 
|  40|0x0000000765c00000, 0x0000000765c00000, 0x0000000765e00000|  0%| F|  |TAMS 0x0000000765c00000, 0x0000000765c00000| Untracked 
|  41|0x0000000765e00000, 0x0000000765e00000, 0x0000000766000000|  0%| F|  |TAMS 0x0000000765e00000, 0x0000000765e00000| Untracked 
|  42|0x0000000766000000, 0x0000000766000000, 0x0000000766200000|  0%| F|  |TAMS 0x0000000766000000, 0x0000000766000000| Untracked 
|  43|0x0000000766200000, 0x0000000766200000, 0x0000000766400000|  0%| F|  |TAMS 0x0000000766200000, 0x0000000766200000| Untracked 
|  44|0x0000000766400000, 0x0000000766400000, 0x0000000766600000|  0%| F|  |TAMS 0x0000000766400000, 0x0000000766400000| Untracked 
|  45|0x0000000766600000, 0x0000000766600000, 0x0000000766800000|  0%| F|  |TAMS 0x0000000766600000, 0x0000000766600000| Untracked 
|  46|0x0000000766800000, 0x0000000766800000, 0x0000000766a00000|  0%| F|  |TAMS 0x0000000766800000, 0x0000000766800000| Untracked 
|  47|0x0000000766a00000, 0x0000000766a00000, 0x0000000766c00000|  0%| F|  |TAMS 0x0000000766a00000, 0x0000000766a00000| Untracked 
|  48|0x0000000766c00000, 0x0000000766c00000, 0x0000000766e00000|  0%| F|  |TAMS 0x0000000766c00000, 0x0000000766c00000| Untracked 
|  49|0x0000000766e00000, 0x0000000766e00000, 0x0000000767000000|  0%| F|  |TAMS 0x0000000766e00000, 0x0000000766e00000| Untracked 
|  50|0x0000000767000000, 0x0000000767000000, 0x0000000767200000|  0%| F|  |TAMS 0x0000000767000000, 0x0000000767000000| Untracked 
|  51|0x0000000767200000, 0x0000000767200000, 0x0000000767400000|  0%| F|  |TAMS 0x0000000767200000, 0x0000000767200000| Untracked 
|  52|0x0000000767400000, 0x0000000767400000, 0x0000000767600000|  0%| F|  |TAMS 0x0000000767400000, 0x0000000767400000| Untracked 
|  53|0x0000000767600000, 0x0000000767600000, 0x0000000767800000|  0%| F|  |TAMS 0x0000000767600000, 0x0000000767600000| Untracked 
|  54|0x0000000767800000, 0x0000000767800000, 0x0000000767a00000|  0%| F|  |TAMS 0x0000000767800000, 0x0000000767800000| Untracked 
|  55|0x0000000767a00000, 0x0000000767a00000, 0x0000000767c00000|  0%| F|  |TAMS 0x0000000767a00000, 0x0000000767a00000| Untracked 
|  56|0x0000000767c00000, 0x0000000767c00000, 0x0000000767e00000|  0%| F|  |TAMS 0x0000000767c00000, 0x0000000767c00000| Untracked 
|  57|0x0000000767e00000, 0x0000000768000000, 0x0000000768000000|100%| S|CS|TAMS 0x0000000767e00000, 0x0000000767e00000| Complete 
|  58|0x0000000768000000, 0x0000000768200000, 0x0000000768200000|100%| S|CS|TAMS 0x0000000768000000, 0x0000000768000000| Complete 
|  59|0x0000000768200000, 0x0000000768400000, 0x0000000768400000|100%| S|CS|TAMS 0x0000000768200000, 0x0000000768200000| Complete 
|  60|0x0000000768400000, 0x0000000768400000, 0x0000000768600000|  0%| F|  |TAMS 0x0000000768400000, 0x0000000768400000| Untracked 
|  61|0x0000000768600000, 0x0000000768600000, 0x0000000768800000|  0%| F|  |TAMS 0x0000000768600000, 0x0000000768600000| Untracked 
|  62|0x0000000768800000, 0x0000000768800000, 0x0000000768a00000|  0%| F|  |TAMS 0x0000000768800000, 0x0000000768800000| Untracked 
|  63|0x0000000768a00000, 0x0000000768a00000, 0x0000000768c00000|  0%| F|  |TAMS 0x0000000768a00000, 0x0000000768a00000| Untracked 
|  64|0x0000000768c00000, 0x0000000768c00000, 0x0000000768e00000|  0%| F|  |TAMS 0x0000000768c00000, 0x0000000768c00000| Untracked 
|  65|0x0000000768e00000, 0x0000000768e00000, 0x0000000769000000|  0%| F|  |TAMS 0x0000000768e00000, 0x0000000768e00000| Untracked 
|  66|0x0000000769000000, 0x0000000769000000, 0x0000000769200000|  0%| F|  |TAMS 0x0000000769000000, 0x0000000769000000| Untracked 
|  67|0x0000000769200000, 0x0000000769200000, 0x0000000769400000|  0%| F|  |TAMS 0x0000000769200000, 0x0000000769200000| Untracked 
|  68|0x0000000769400000, 0x0000000769400000, 0x0000000769600000|  0%| F|  |TAMS 0x0000000769400000, 0x0000000769400000| Untracked 
|  69|0x0000000769600000, 0x0000000769600000, 0x0000000769800000|  0%| F|  |TAMS 0x0000000769600000, 0x0000000769600000| Untracked 
|  70|0x0000000769800000, 0x0000000769800000, 0x0000000769a00000|  0%| F|  |TAMS 0x0000000769800000, 0x0000000769800000| Untracked 
|  71|0x0000000769a00000, 0x0000000769a00000, 0x0000000769c00000|  0%| F|  |TAMS 0x0000000769a00000, 0x0000000769a00000| Untracked 
|  72|0x0000000769c00000, 0x0000000769e00000, 0x0000000769e00000|100%| E|  |TAMS 0x0000000769c00000, 0x0000000769c00000| Complete 
|  73|0x0000000769e00000, 0x000000076a000000, 0x000000076a000000|100%| E|CS|TAMS 0x0000000769e00000, 0x0000000769e00000| Complete 
|  74|0x000000076a000000, 0x000000076a200000, 0x000000076a200000|100%| E|CS|TAMS 0x000000076a000000, 0x000000076a000000| Complete 
|  75|0x000000076a200000, 0x000000076a400000, 0x000000076a400000|100%| E|CS|TAMS 0x000000076a200000, 0x000000076a200000| Complete 
|  76|0x000000076a400000, 0x000000076a600000, 0x000000076a600000|100%| E|CS|TAMS 0x000000076a400000, 0x000000076a400000| Complete 
|  77|0x000000076a600000, 0x000000076a800000, 0x000000076a800000|100%| E|CS|TAMS 0x000000076a600000, 0x000000076a600000| Complete 
|  78|0x000000076a800000, 0x000000076aa00000, 0x000000076aa00000|100%| E|CS|TAMS 0x000000076a800000, 0x000000076a800000| Complete 
|  79|0x000000076aa00000, 0x000000076ac00000, 0x000000076ac00000|100%| E|CS|TAMS 0x000000076aa00000, 0x000000076aa00000| Complete 

Card table byte_map: [0x000002d5ee340000,0x000002d5ee840000] _byte_map_base: 0x000002d5ea83a000

Marking Bits (Prev, Next): (CMBitMap*) 0x000002d5d7018850, (CMBitMap*) 0x000002d5d7018890
 Prev Bits: [0x000002d5eed40000, 0x000002d5f1510000)
 Next Bits: [0x000002d5f1510000, 0x000002d5f3ce0000)

Polling page: 0x000002d5d4f50000

Metaspace:

Usage:
  Non-class:     12.24 MB used.
      Class:      2.04 MB used.
       Both:     14.28 MB used.

Virtual space:
  Non-class space:       64.00 MB reserved,      12.38 MB ( 19%) committed,  1 nodes.
      Class space:        1.00 GB reserved,       2.12 MB ( <1%) committed,  1 nodes.
             Both:        1.06 GB reserved,      14.50 MB (  1%) committed. 

Chunk freelists:
   Non-Class:  3.11 MB
       Class:  13.82 MB
        Both:  16.93 MB

MaxMetaspaceSize: unlimited
CompressedClassSpaceSize: 1.00 GB
Initial GC threshold: 21.00 MB
Current GC threshold: 21.00 MB
CDS: on
MetaspaceReclaimPolicy: balanced
 - commit_granule_bytes: 65536.
 - commit_granule_words: 8192.
 - virtual_space_node_default_size: 8388608.
 - enlarge_chunks_in_place: 1.
 - new_chunks_are_fully_committed: 0.
 - uncommit_free_chunks: 1.
 - use_allocation_guard: 0.
 - handle_deallocations: 1.


Internal statistics:

num_allocs_failed_limit: 0.
num_arena_births: 204.
num_arena_deaths: 0.
num_vsnodes_births: 2.
num_vsnodes_deaths: 0.
num_space_committed: 232.
num_space_uncommitted: 0.
num_chunks_returned_to_freelist: 0.
num_chunks_taken_from_freelist: 658.
num_chunk_merges: 0.
num_chunk_splits: 438.
num_chunks_enlarged: 333.
num_inconsistent_stats: 0.

CodeHeap 'non-profiled nmethods': size=120000Kb used=931Kb max_used=931Kb free=119069Kb
 bounds [0x000002d5e65e0000, 0x000002d5e6850000, 0x000002d5edb10000]
CodeHeap 'profiled nmethods': size=120000Kb used=5249Kb max_used=5249Kb free=114750Kb
 bounds [0x000002d5deb10000, 0x000002d5df040000, 0x000002d5e6040000]
CodeHeap 'non-nmethods': size=5760Kb used=1348Kb max_used=1373Kb free=4412Kb
 bounds [0x000002d5e6040000, 0x000002d5e62b0000, 0x000002d5e65e0000]
 total_blobs=3371 nmethods=2686 adapters=597
 compilation: enabled
              stopped_count=0, restarted_count=0
 full_count=0

Compilation events (20 events):
Event: 22.549 Thread 0x000002d5f67043c0 2672       4       java.lang.Math::round (70 bytes)
Event: 22.550 Thread 0x000002d5f67043c0 nmethod 2672 0x000002d5e66c1910 code [0x000002d5e66c1aa0, 0x000002d5e66c1b78]
Event: 22.572 Thread 0x000002d5f67043c0 2673       4       java.util.concurrent.atomic.AtomicInteger::getAndIncrement (12 bytes)
Event: 22.573 Thread 0x000002d5f67043c0 nmethod 2673 0x000002d5e66c1c10 code [0x000002d5e66c1d80, 0x000002d5e66c1df8]
Event: 22.574 Thread 0x000002d5f67043c0 2674       4       java.util.concurrent.ThreadPoolExecutor::beforeExecute (1 bytes)
Event: 22.574 Thread 0x000002d5f67043c0 nmethod 2674 0x000002d5e66c1f10 code [0x000002d5e66c2080, 0x000002d5e66c20f8]
Event: 22.585 Thread 0x000002d5f67043c0 2675       4       java.util.WeakHashMap$Entry::getKey (8 bytes)
Event: 22.586 Thread 0x000002d5f67043c0 nmethod 2675 0x000002d5e66c2210 code [0x000002d5e66c23a0, 0x000002d5e66c2478]
Event: 22.700 Thread 0x000002d5f67043c0 2676       4       java.util.WeakHashMap::put (160 bytes)
Event: 22.711 Thread 0x000002d5f67043c0 nmethod 2676 0x000002d5e66c2510 code [0x000002d5e66c26c0, 0x000002d5e66c2e58]
Event: 22.711 Thread 0x000002d5f67043c0 2677       4       java.util.WeakHashMap::putAll (133 bytes)
Event: 22.760 Thread 0x000002d5f67043c0 nmethod 2677 0x000002d5e66c3110 code [0x000002d5e66c3320, 0x000002d5e66c4390]
Event: 22.760 Thread 0x000002d5f67043c0 2678       4       java.util.concurrent.LinkedBlockingDeque::unlinkFirst (74 bytes)
Event: 22.770 Thread 0x000002d5f67043c0 nmethod 2678 0x000002d5e66c4f90 code [0x000002d5e66c5120, 0x000002d5e66c5a58]
Event: 22.805 Thread 0x000002d5f67043c0 2679       4       java.util.concurrent.locks.AbstractQueuedSynchronizer$ConditionObject::signal (34 bytes)
Event: 22.813 Thread 0x000002d5f67043c0 nmethod 2679 0x000002d5e66c5d90 code [0x000002d5e66c5f20, 0x000002d5e66c6538]
Event: 23.118 Thread 0x000002d5f67043c0 2680       4       java.util.concurrent.locks.AbstractQueuedSynchronizer$Node::getAndUnsetStatus (14 bytes)
Event: 23.119 Thread 0x000002d5f67043c0 nmethod 2680 0x000002d5e66c6790 code [0x000002d5e66c6920, 0x000002d5e66c69d8]
Event: 23.170 Thread 0x000002d5f67043c0 2681   !   4       java.util.concurrent.locks.AbstractQueuedSynchronizer::acquire (407 bytes)
Event: 24.453 Thread 0x000002d5f67118e0 2692       3       com.sun.javafx.scene.NodeHelper::getPeer (10 bytes)

GC Heap History (4 events):
Event: 10.566 GC heap before
{Heap before GC invocations=0 (full 0):
 garbage-first heap   total 163840K, used 20480K [0x0000000760c00000, 0x0000000800000000)
  region size 2048K, 11 young (22528K), 0 survivors (0K)
 Metaspace       used 5121K, committed 5312K, reserved 1114112K
  class space    used 611K, committed 704K, reserved 1048576K
}
Event: 10.571 GC heap after
{Heap after GC invocations=1 (full 0):
 garbage-first heap   total 163840K, used 3071K [0x0000000760c00000, 0x0000000800000000)
  region size 2048K, 2 young (4096K), 2 survivors (4096K)
 Metaspace       used 5121K, committed 5312K, reserved 1114112K
  class space    used 611K, committed 704K, reserved 1048576K
}
Event: 21.255 GC heap before
{Heap before GC invocations=1 (full 0):
 garbage-first heap   total 163840K, used 39935K [0x0000000760c00000, 0x0000000800000000)
  region size 2048K, 20 young (40960K), 2 survivors (4096K)
 Metaspace       used 13679K, committed 13952K, reserved 1114112K
  class space    used 2004K, committed 2112K, reserved 1048576K
}
Event: 21.264 GC heap after
{Heap after GC invocations=2 (full 0):
 garbage-first heap   total 163840K, used 8043K [0x0000000760c00000, 0x0000000800000000)
  region size 2048K, 3 young (6144K), 3 survivors (6144K)
 Metaspace       used 13679K, committed 13952K, reserved 1114112K
  class space    used 2004K, committed 2112K, reserved 1048576K
}

Dll operation events (20 events):
Event: 1.799 Loaded shared library C:\Users\Asus\.openjfx\cache\17.0.6\api-ms-win-crt-heap-l1-1-0.dll
Event: 1.803 Loaded shared library C:\Users\Asus\.openjfx\cache\17.0.6\api-ms-win-crt-locale-l1-1-0.dll
Event: 1.807 Loaded shared library C:\Users\Asus\.openjfx\cache\17.0.6\api-ms-win-crt-math-l1-1-0.dll
Event: 1.811 Loaded shared library C:\Users\Asus\.openjfx\cache\17.0.6\api-ms-win-crt-multibyte-l1-1-0.dll
Event: 1.816 Loaded shared library C:\Users\Asus\.openjfx\cache\17.0.6\api-ms-win-crt-private-l1-1-0.dll
Event: 1.821 Loaded shared library C:\Users\Asus\.openjfx\cache\17.0.6\api-ms-win-crt-process-l1-1-0.dll
Event: 1.826 Loaded shared library C:\Users\Asus\.openjfx\cache\17.0.6\api-ms-win-crt-runtime-l1-1-0.dll
Event: 1.833 Loaded shared library C:\Users\Asus\.openjfx\cache\17.0.6\api-ms-win-crt-stdio-l1-1-0.dll
Event: 1.843 Loaded shared library C:\Users\Asus\.openjfx\cache\17.0.6\api-ms-win-crt-string-l1-1-0.dll
Event: 1.849 Loaded shared library C:\Users\Asus\.openjfx\cache\17.0.6\api-ms-win-crt-time-l1-1-0.dll
Event: 1.855 Loaded shared library C:\Users\Asus\.openjfx\cache\17.0.6\api-ms-win-crt-utility-l1-1-0.dll
Event: 1.877 Loaded shared library C:\Users\Asus\.openjfx\cache\17.0.6\ucrtbase.dll
Event: 2.912 Loaded shared library C:\Users\Asus\.openjfx\cache\17.0.6\vcruntime140.dll
Event: 2.916 Loaded shared library C:\Users\Asus\.openjfx\cache\17.0.6\vcruntime140_1.dll
Event: 2.928 Loaded shared library C:\Users\Asus\.openjfx\cache\17.0.6\msvcp140.dll
Event: 2.932 Loaded shared library C:\Users\Asus\.openjfx\cache\17.0.6\msvcp140_1.dll
Event: 2.939 Loaded shared library C:\Users\Asus\.openjfx\cache\17.0.6\msvcp140_2.dll
Event: 3.170 Loaded shared library C:\Users\Asus\.openjfx\cache\17.0.6\prism_d3d.dll
Event: 4.369 Loaded shared library C:\Users\Asus\.openjfx\cache\17.0.6\glass.dll
Event: 20.368 Loaded shared library C:\Users\Asus\.openjfx\cache\17.0.6\javafx_font.dll

Deoptimization events (20 events):
Event: 21.383 Thread 0x000002d5f6932c20 Uncommon trap: trap_request=0xffffff45 fr.pc=0x000002d5e6647c74 relative=0x00000000000001d4
Event: 21.383 Thread 0x000002d5f6932c20 Uncommon trap: reason=unstable_if action=reinterpret pc=0x000002d5e6647c74 method=java.io.ByteArrayInputStream.read()I @ 8 c2
Event: 21.383 Thread 0x000002d5f6932c20 DEOPT PACKING pc=0x000002d5e6647c74 sp=0x000000e4a07fbf40
Event: 21.383 Thread 0x000002d5f6932c20 DEOPT UNPACKING pc=0x000002d5e60969a3 sp=0x000000e4a07fbef8 mode 2
Event: 21.464 Thread 0x000002d5f6932c20 Uncommon trap: trap_request=0xffffffc6 fr.pc=0x000002d5e66abb50 relative=0x0000000000000110
Event: 21.464 Thread 0x000002d5f6932c20 Uncommon trap: reason=bimorphic_or_optimized_type_check action=maybe_recompile pc=0x000002d5e66abb50 method=javafx.beans.property.DoublePropertyBase.get()D @ 23 c2
Event: 21.464 Thread 0x000002d5f6932c20 DEOPT PACKING pc=0x000002d5e66abb50 sp=0x000000e4a07fd9b0
Event: 21.464 Thread 0x000002d5f6932c20 DEOPT UNPACKING pc=0x000002d5e60969a3 sp=0x000000e4a07fd950 mode 2
Event: 21.464 Thread 0x000002d5f6932c20 Uncommon trap: trap_request=0xffffffc6 fr.pc=0x000002d5e66abb50 relative=0x0000000000000110
Event: 21.464 Thread 0x000002d5f6932c20 Uncommon trap: reason=bimorphic_or_optimized_type_check action=maybe_recompile pc=0x000002d5e66abb50 method=javafx.beans.property.DoublePropertyBase.get()D @ 23 c2
Event: 21.464 Thread 0x000002d5f6932c20 DEOPT PACKING pc=0x000002d5e66abb50 sp=0x000000e4a07fd9a0
Event: 21.464 Thread 0x000002d5f6932c20 DEOPT UNPACKING pc=0x000002d5e60969a3 sp=0x000000e4a07fd940 mode 2
Event: 21.465 Thread 0x000002d5f6932c20 Uncommon trap: trap_request=0xffffffc6 fr.pc=0x000002d5e66abb50 relative=0x0000000000000110
Event: 21.465 Thread 0x000002d5f6932c20 Uncommon trap: reason=bimorphic_or_optimized_type_check action=maybe_recompile pc=0x000002d5e66abb50 method=javafx.beans.property.DoublePropertyBase.get()D @ 23 c2
Event: 21.465 Thread 0x000002d5f6932c20 DEOPT PACKING pc=0x000002d5e66abb50 sp=0x000000e4a07fdee0
Event: 21.465 Thread 0x000002d5f6932c20 DEOPT UNPACKING pc=0x000002d5e60969a3 sp=0x000000e4a07fde80 mode 2
Event: 21.465 Thread 0x000002d5f6932c20 Uncommon trap: trap_request=0xffffffc6 fr.pc=0x000002d5e66abb50 relative=0x0000000000000110
Event: 21.465 Thread 0x000002d5f6932c20 Uncommon trap: reason=bimorphic_or_optimized_type_check action=maybe_recompile pc=0x000002d5e66abb50 method=javafx.beans.property.DoublePropertyBase.get()D @ 23 c2
Event: 21.465 Thread 0x000002d5f6932c20 DEOPT PACKING pc=0x000002d5e66abb50 sp=0x000000e4a07fdee0
Event: 21.465 Thread 0x000002d5f6932c20 DEOPT UNPACKING pc=0x000002d5e60969a3 sp=0x000000e4a07fde80 mode 2

Classes loaded (20 events):
Event: 21.383 Loading class jdk/internal/icu/impl/Trie2$ValueMapper done
Event: 21.383 Loading class jdk/internal/icu/impl/Trie2$1 done
Event: 21.383 Loading class jdk/internal/icu/impl/Trie2$UTrie2Header
Event: 21.383 Loading class jdk/internal/icu/impl/Trie2$UTrie2Header done
Event: 21.386 Loading class jdk/internal/misc/ScopedMemoryAccess$Scope
Event: 21.386 Loading class jdk/internal/misc/ScopedMemoryAccess$Scope done
Event: 21.390 Loading class jdk/internal/icu/text/UTF16
Event: 21.391 Loading class jdk/internal/icu/text/UTF16 done
Event: 21.391 Loading class jdk/internal/icu/text/BidiLine
Event: 21.391 Loading class jdk/internal/icu/text/BidiLine done
Event: 21.403 Loading class java/util/BitSet
Event: 21.404 Loading class java/util/BitSet done
Event: 21.439 Loading class java/util/WeakHashMap$EntrySet
Event: 21.439 Loading class java/util/WeakHashMap$EntrySet done
Event: 21.440 Loading class java/util/WeakHashMap$EntryIterator
Event: 21.440 Loading class java/util/WeakHashMap$EntryIterator done
Event: 21.494 Loading class java/util/concurrent/ConcurrentLinkedQueue
Event: 21.494 Loading class java/util/concurrent/ConcurrentLinkedQueue done
Event: 21.494 Loading class java/util/concurrent/ConcurrentLinkedQueue$Node
Event: 21.494 Loading class java/util/concurrent/ConcurrentLinkedQueue$Node done

Classes unloaded (0 events):
No events

Classes redefined (0 events):
No events

Internal exceptions (20 events):
Event: 19.918 Thread 0x000002d5f6932c20 Exception <a 'java/lang/ClassNotFoundException'{0x000000076a2f83f0}: com/sun/glass/ui/win/themes_es> (0x000000076a2f83f0) 
thrown [s\src\hotspot\share\prims\jni.cpp, line 535]
Event: 19.918 Thread 0x000002d5f6932c20 Exception <a 'java/lang/ClassNotFoundException'{0x000000076a300450}: com/sun/glass/ui/win/themes_es_CO> (0x000000076a300450) 
thrown [s\src\hotspot\share\prims\jni.cpp, line 535]
Event: 20.447 Thread 0x000002d5f6932c20 Exception <a 'java/lang/NoSuchMethodError'{0x0000000769c01590}: 'void java.lang.invoke.DirectMethodHandle$Holder.invokeStaticInit(java.lang.Object, java.lang.Object)'> (0x0000000769c01590) 
thrown [s\src\hotspot\share\interpreter\linkResolver.cpp, line 759]
Event: 20.463 Thread 0x000002d5f6932c20 Exception <a 'java/lang/NoSuchMethodError'{0x0000000769c83158}: 'void java.lang.invoke.DirectMethodHandle$Holder.invokeSpecial(java.lang.Object, java.lang.Object, java.lang.Object, java.lang.Object, java.lang.Object)'> (0x0000000769c83158) 
thrown [s\src\hotspot\share\interpreter\linkResolver.cpp, line 759]
Event: 20.595 Thread 0x000002d5f6932c20 Implicit null exception at 0x000002d5e665ce56 to 0x000002d5e665cff4
Event: 20.648 Thread 0x000002d5f6932c20 Implicit null exception at 0x000002d5e65f7d59 to 0x000002d5e65f7f58
Event: 20.696 Thread 0x000002d5f6932c20 Implicit null exception at 0x000002d5e6648cb4 to 0x000002d5e6649198
Event: 20.697 Thread 0x000002d5f6932c20 Implicit null exception at 0x000002d5e6663e0f to 0x000002d5e66641ec
Event: 20.869 Thread 0x000002d5f6932c20 Implicit null exception at 0x000002d5e66653e2 to 0x000002d5e6667594
Event: 20.915 Thread 0x000002d5f6932c20 Exception <a 'java/lang/ClassNotFoundException'{0x0000000768d7a6a0}: com/sun/javafx/scene/control/skin/resources/controls> (0x0000000768d7a6a0) 
thrown [s\src\hotspot\share\prims\jni.cpp, line 535]
Event: 20.916 Thread 0x000002d5f6932c20 Exception <a 'java/lang/ClassNotFoundException'{0x0000000768d88640}: com/sun/javafx/scene/control/skin/resources/controls_es> (0x0000000768d88640) 
thrown [s\src\hotspot\share\prims\jni.cpp, line 535]
Event: 20.917 Thread 0x000002d5f6932c20 Exception <a 'java/lang/ClassNotFoundException'{0x0000000768d962a0}: com/sun/javafx/scene/control/skin/resources/controls_es_CO> (0x0000000768d962a0) 
thrown [s\src\hotspot\share\prims\jni.cpp, line 535]
Event: 20.994 Thread 0x000002d5f6932c20 Exception <a 'java/lang/NoSuchMethodError'{0x0000000768b5a998}: 'void java.lang.invoke.DirectMethodHandle$Holder.invokeSpecial(java.lang.Object, java.lang.Object, java.lang.Object, java.lang.Object, java.lang.Object, java.lang.Object)'> (0x0000000768b5a998) 
thrown [s\src\hotspot\share\interpreter\linkResolver.cpp, line 759]
Event: 21.054 Thread 0x000002d5f6932c20 Exception <a 'java/lang/NoSuchMethodError'{0x00000007686ae0a0}: 'java.lang.Object java.lang.invoke.DirectMethodHandle$Holder.invokeInterface(java.lang.Object, java.lang.Object, java.lang.Object)'> (0x00000007686ae0a0) 
thrown [s\src\hotspot\share\interpreter\linkResolver.cpp, line 759]
Event: 21.055 Thread 0x000002d5f6932c20 Exception <a 'java/lang/IncompatibleClassChangeError'{0x00000007686b1a28}: Found class java.lang.Object, but interface was expected> (0x00000007686b1a28) 
thrown [s\src\hotspot\share\interpreter\linkResolver.cpp, line 826]
Event: 21.431 Thread 0x000002d5f6932c20 Exception <a 'java/lang/NoSuchMethodError'{0x000000076a93a428}: 'java.lang.Object java.lang.invoke.DirectMethodHandle$Holder.newInvokeSpecial(java.lang.Object, java.lang.Object, int)'> (0x000000076a93a428) 
thrown [s\src\hotspot\share\interpreter\linkResolver.cpp, line 759]
Event: 21.495 Thread 0x000002d5f6932c20 Exception <a 'java/lang/NoSuchMethodError'{0x000000076a9b7540}: 'long java.lang.invoke.DirectMethodHandle$Holder.invokeStatic(java.lang.Object, java.lang.Object, java.lang.Object)'> (0x000000076a9b7540) 
thrown [s\src\hotspot\share\interpreter\linkResolver.cpp, line 759]
Event: 21.495 Thread 0x000002d5f6932c20 Exception <a 'java/lang/NoSuchMethodError'{0x000000076a9bace8}: 'long java.lang.invoke.DirectMethodHandle$Holder.invokeStaticInit(java.lang.Object, java.lang.Object, java.lang.Object)'> (0x000000076a9bace8) 
thrown [s\src\hotspot\share\interpreter\linkResolver.cpp, line 759]
Event: 21.498 Thread 0x000002d5f6932c20 Exception <a 'java/lang/NoSuchMethodError'{0x000000076a9d2870}: 'java.lang.Object java.lang.invoke.DirectMethodHandle$Holder.newInvokeSpecial(java.lang.Object, java.lang.Object, long)'> (0x000000076a9d2870) 
thrown [s\src\hotspot\share\interpreter\linkResolver.cpp, line 759]
Event: 21.499 Thread 0x000002d5f6932c20 Exception <a 'java/lang/NoSuchMethodError'{0x000000076a9d63e0}: 'java.lang.Object java.lang.invoke.Invokers$Holder.linkToTargetMethod(java.lang.Object, long, java.lang.Object)'> (0x000000076a9d63e0) 
thrown [s\src\hotspot\share\interpreter\linkResolver.cpp, line 759]

VM Operations (20 events):
Event: 20.374 Executing VM operation: HandshakeAllThreads
Event: 20.374 Executing VM operation: HandshakeAllThreads done
Event: 20.374 Executing VM operation: Cleanup
Event: 20.374 Executing VM operation: Cleanup done
Event: 20.613 Executing VM operation: HandshakeAllThreads
Event: 20.613 Executing VM operation: HandshakeAllThreads done
Event: 20.893 Executing VM operation: ICBufferFull
Event: 20.894 Executing VM operation: ICBufferFull done
Event: 20.992 Executing VM operation: HandshakeAllThreads
Event: 20.992 Executing VM operation: HandshakeAllThreads done
Event: 21.225 Executing VM operation: ICBufferFull
Event: 21.226 Executing VM operation: ICBufferFull done
Event: 21.255 Executing VM operation: G1CollectForAllocation
Event: 21.264 Executing VM operation: G1CollectForAllocation done
Event: 21.346 Executing VM operation: HandshakeAllThreads
Event: 21.346 Executing VM operation: HandshakeAllThreads done
Event: 22.051 Executing VM operation: ICBufferFull
Event: 22.051 Executing VM operation: ICBufferFull done
Event: 23.051 Executing VM operation: Cleanup
Event: 23.051 Executing VM operation: Cleanup done

Memory protections (0 events):
No events

Nmethod flushes (0 events):
No events

Events (20 events):
Event: 0.054 Thread 0x000002d5d6fca4d0 Thread added: 0x000002d5f67043c0
Event: 0.054 Thread 0x000002d5d6fca4d0 Thread added: 0x000002d5f67118e0
Event: 0.054 Thread 0x000002d5d6fca4d0 Thread added: 0x000002d5f671b620
Event: 0.086 Thread 0x000002d5d6fca4d0 Thread added: 0x000002d5f6934060
Event: 0.165 Thread 0x000002d5f67118e0 Thread added: 0x000002d5f69cb6e0
Event: 0.168 Thread 0x000002d5f67118e0 Thread added: 0x000002d5f69ae540
Event: 1.424 Thread 0x000002d5d6fca4d0 Thread added: 0x000002d5f69317e0
Event: 1.424 Thread 0x000002d5d6fca4d0 Thread added: 0x000002d5f6933640
Event: 1.828 Thread 0x000002d5f69ae540 Thread exited: 0x000002d5f69ae540
Event: 2.910 Thread 0x000002d5f69cb6e0 Thread exited: 0x000002d5f69cb6e0
Event: 2.990 Thread 0x000002d5d6fca4d0 Thread added: 0x000002d5f6931cf0
Event: 4.372 Thread 0x000002d5d6fca4d0 Thread added: 0x000002d5f6932710
Event: 4.376 Thread 0x000002d5d6fca4d0 Thread added: 0x000002d5f6932c20
Event: 8.504 Thread 0x000002d5f6933130 Thread added: 0x000002d5f6933130
Event: 8.512 Thread 0x000002d5d6fca4d0 Thread added: 0x000002d5f6934a80
Event: 19.838 Thread 0x000002d5f67118e0 Thread added: 0x000002d5fb163430
Event: 20.369 Thread 0x000002d5fb163430 Thread exited: 0x000002d5fb163430
Event: 20.426 Thread 0x000002d5f67118e0 Thread added: 0x000002d5f68afbc0
Event: 21.022 Thread 0x000002d5f6932c20 Thread added: 0x000002d5f6933b50
Event: 21.602 Thread 0x000002d5f68afbc0 Thread exited: 0x000002d5f68afbc0


Dynamic libraries:
0x00007ff661680000 - 0x00007ff66168e000 	C:\Users\Asus\.jdks\corretto-17.0.16\bin\java.exe
0x00007ffc199c0000 - 0x00007ffc19c29000 	C:\WINDOWS\SYSTEM32\ntdll.dll
0x00007ffc17bd0000 - 0x00007ffc17c99000 	C:\WINDOWS\System32\KERNEL32.DLL
0x00007ffc16e90000 - 0x00007ffc17283000 	C:\WINDOWS\System32\KERNELBASE.dll
0x00007ffc16d10000 - 0x00007ffc16e5b000 	C:\WINDOWS\System32\ucrtbase.dll
0x00007ffc025a0000 - 0x00007ffc025bb000 	C:\Users\Asus\.jdks\corretto-17.0.16\bin\VCRUNTIME140.dll
0x00007ffc02580000 - 0x00007ffc02597000 	C:\Users\Asus\.jdks\corretto-17.0.16\bin\jli.dll
0x00007ffc19160000 - 0x00007ffc19324000 	C:\WINDOWS\System32\USER32.dll
0x00007ffc06590000 - 0x00007ffc06823000 	C:\WINDOWS\WinSxS\amd64_microsoft.windows.common-controls_6595b64144ccf1df_6.0.26100.5074_none_3e0d6f78e32fd63f\COMCTL32.dll
0x00007ffc16e60000 - 0x00007ffc16e87000 	C:\WINDOWS\System32\win32u.dll
0x00007ffc18620000 - 0x00007ffc186c9000 	C:\WINDOWS\System32\msvcrt.dll
0x00007ffc181f0000 - 0x00007ffc1821b000 	C:\WINDOWS\System32\GDI32.dll
0x00007ffc16be0000 - 0x00007ffc16d0d000 	C:\WINDOWS\System32\gdi32full.dll
0x00007ffc176e0000 - 0x00007ffc17783000 	C:\WINDOWS\System32\msvcp_win.dll
0x00007ffc18340000 - 0x00007ffc1836f000 	C:\WINDOWS\System32\IMM32.DLL
0x00007ffc0ca70000 - 0x00007ffc0ca7c000 	C:\Users\Asus\.jdks\corretto-17.0.16\bin\vcruntime140_1.dll
0x00007ffc01fd0000 - 0x00007ffc0205d000 	C:\Users\Asus\.jdks\corretto-17.0.16\bin\msvcp140.dll
0x00007ffba7d20000 - 0x00007ffba898c000 	C:\Users\Asus\.jdks\corretto-17.0.16\bin\server\jvm.dll
0x00007ffc17b10000 - 0x00007ffc17bc4000 	C:\WINDOWS\System32\ADVAPI32.dll
0x00007ffc17980000 - 0x00007ffc17a26000 	C:\WINDOWS\System32\sechost.dll
0x00007ffc18220000 - 0x00007ffc18338000 	C:\WINDOWS\System32\RPCRT4.dll
0x00007ffc18540000 - 0x00007ffc185b4000 	C:\WINDOWS\System32\WS2_32.dll
0x00007ffc169b0000 - 0x00007ffc16a0e000 	C:\WINDOWS\SYSTEM32\POWRPROF.dll
0x00007ffc10920000 - 0x00007ffc1092b000 	C:\WINDOWS\SYSTEM32\VERSION.dll
0x00007ffc0fd20000 - 0x00007ffc0fd55000 	C:\WINDOWS\SYSTEM32\WINMM.dll
0x00007ffc16990000 - 0x00007ffc169a4000 	C:\WINDOWS\SYSTEM32\UMPDC.dll
0x00007ffc15850000 - 0x00007ffc1586b000 	C:\WINDOWS\SYSTEM32\kernel.appcore.dll
0x00007ffc0c560000 - 0x00007ffc0c56a000 	C:\Users\Asus\.jdks\corretto-17.0.16\bin\jimage.dll
0x00007ffc14310000 - 0x00007ffc14552000 	C:\WINDOWS\SYSTEM32\DBGHELP.DLL
0x00007ffc17ca0000 - 0x00007ffc1801b000 	C:\WINDOWS\System32\combase.dll
0x00007ffc18110000 - 0x00007ffc181e7000 	C:\WINDOWS\System32\OLEAUT32.dll
0x00007ffc05480000 - 0x00007ffc054bd000 	C:\WINDOWS\SYSTEM32\dbgcore.DLL
0x00007ffc17290000 - 0x00007ffc17329000 	C:\WINDOWS\System32\bcryptPrimitives.dll
0x00007ffc059a0000 - 0x00007ffc059ae000 	C:\Users\Asus\.jdks\corretto-17.0.16\bin\instrument.dll
0x00007ffc01fa0000 - 0x00007ffc01fc5000 	C:\Users\Asus\.jdks\corretto-17.0.16\bin\java.dll
0x00007ffbf6f20000 - 0x00007ffbf6ff7000 	C:\Users\Asus\.jdks\corretto-17.0.16\bin\jsvml.dll
0x00007ffc186d0000 - 0x00007ffc18e1d000 	C:\WINDOWS\System32\SHELL32.dll
0x00007ffc17570000 - 0x00007ffc176dc000 	C:\WINDOWS\System32\wintypes.dll
0x00007ffc14790000 - 0x00007ffc14fe9000 	C:\WINDOWS\SYSTEM32\windows.storage.dll
0x00007ffc18e20000 - 0x00007ffc18f10000 	C:\WINDOWS\System32\SHCORE.dll
0x00007ffc18020000 - 0x00007ffc18082000 	C:\WINDOWS\System32\shlwapi.dll
0x00007ffc16a70000 - 0x00007ffc16a99000 	C:\WINDOWS\SYSTEM32\profapi.dll
0x00007ffc01b60000 - 0x00007ffc01b79000 	C:\Users\Asus\.jdks\corretto-17.0.16\bin\net.dll
0x00007ffc0f540000 - 0x00007ffc0f65f000 	C:\WINDOWS\SYSTEM32\WINHTTP.dll
0x00007ffc15e50000 - 0x00007ffc15ebb000 	C:\WINDOWS\system32\mswsock.dll
0x00007ffbfe340000 - 0x00007ffbfe356000 	C:\Users\Asus\.jdks\corretto-17.0.16\bin\nio.dll
0x00007ffbfaad0000 - 0x00007ffbfaae8000 	C:\Users\Asus\.jdks\corretto-17.0.16\bin\zip.dll
0x00007ffbfaab0000 - 0x00007ffbfaaca000 	C:\Program Files\JetBrains\IntelliJ IDEA 2024.2.0.1\bin\breakgen64.dll
0x000002d5d4fa0000 - 0x000002d5d4fa3000 	C:\Users\Asus\.openjfx\cache\17.0.6\api-ms-win-core-console-l1-1-0.dll
0x000002d5d4fb0000 - 0x000002d5d4fb3000 	C:\Users\Asus\.openjfx\cache\17.0.6\api-ms-win-core-console-l1-2-0.dll
0x000002d5d6f10000 - 0x000002d5d6f13000 	C:\Users\Asus\.openjfx\cache\17.0.6\api-ms-win-core-datetime-l1-1-0.dll
0x000002d5d6f20000 - 0x000002d5d6f23000 	C:\Users\Asus\.openjfx\cache\17.0.6\api-ms-win-core-debug-l1-1-0.dll
0x000002d5d6f30000 - 0x000002d5d6f33000 	C:\Users\Asus\.openjfx\cache\17.0.6\api-ms-win-core-errorhandling-l1-1-0.dll
0x000002d5d6f40000 - 0x000002d5d6f44000 	C:\Users\Asus\.openjfx\cache\17.0.6\api-ms-win-core-file-l1-1-0.dll
0x000002d5d6f50000 - 0x000002d5d6f53000 	C:\Users\Asus\.openjfx\cache\17.0.6\api-ms-win-core-file-l1-2-0.dll
0x000002d5d6f60000 - 0x000002d5d6f63000 	C:\Users\Asus\.openjfx\cache\17.0.6\api-ms-win-core-file-l2-1-0.dll
0x000002d5d6f70000 - 0x000002d5d6f73000 	C:\Users\Asus\.openjfx\cache\17.0.6\api-ms-win-core-handle-l1-1-0.dll
0x000002d5f6c90000 - 0x000002d5f6c93000 	C:\Users\Asus\.openjfx\cache\17.0.6\api-ms-win-core-heap-l1-1-0.dll
0x000002d5f6ca0000 - 0x000002d5f6ca3000 	C:\Users\Asus\.openjfx\cache\17.0.6\api-ms-win-core-interlocked-l1-1-0.dll
0x000002d5f6cb0000 - 0x000002d5f6cb3000 	C:\Users\Asus\.openjfx\cache\17.0.6\api-ms-win-core-libraryloader-l1-1-0.dll
0x000002d5f6cc0000 - 0x000002d5f6cc3000 	C:\Users\Asus\.openjfx\cache\17.0.6\api-ms-win-core-localization-l1-2-0.dll
0x000002d5f6cd0000 - 0x000002d5f6cd3000 	C:\Users\Asus\.openjfx\cache\17.0.6\api-ms-win-core-memory-l1-1-0.dll
0x000002d5f6ce0000 - 0x000002d5f6ce3000 	C:\Users\Asus\.openjfx\cache\17.0.6\api-ms-win-core-namedpipe-l1-1-0.dll
0x000002d5f6cf0000 - 0x000002d5f6cf3000 	C:\Users\Asus\.openjfx\cache\17.0.6\api-ms-win-core-processenvironment-l1-1-0.dll
0x000002d5f6d00000 - 0x000002d5f6d03000 	C:\Users\Asus\.openjfx\cache\17.0.6\api-ms-win-core-processthreads-l1-1-0.dll
0x000002d5f6d10000 - 0x000002d5f6d13000 	C:\Users\Asus\.openjfx\cache\17.0.6\api-ms-win-core-processthreads-l1-1-1.dll
0x000002d5f6d20000 - 0x000002d5f6d23000 	C:\Users\Asus\.openjfx\cache\17.0.6\api-ms-win-core-profile-l1-1-0.dll
0x000002d5f6d30000 - 0x000002d5f6d33000 	C:\Users\Asus\.openjfx\cache\17.0.6\api-ms-win-core-rtlsupport-l1-1-0.dll
0x000002d5f6d40000 - 0x000002d5f6d43000 	C:\Users\Asus\.openjfx\cache\17.0.6\api-ms-win-core-string-l1-1-0.dll
0x000002d5f6d50000 - 0x000002d5f6d53000 	C:\Users\Asus\.openjfx\cache\17.0.6\api-ms-win-core-synch-l1-1-0.dll
0x000002d5f6d60000 - 0x000002d5f6d63000 	C:\Users\Asus\.openjfx\cache\17.0.6\api-ms-win-core-synch-l1-2-0.dll
0x000002d5f6d70000 - 0x000002d5f6d73000 	C:\Users\Asus\.openjfx\cache\17.0.6\api-ms-win-core-sysinfo-l1-1-0.dll
0x000002d5f6d80000 - 0x000002d5f6d83000 	C:\Users\Asus\.openjfx\cache\17.0.6\api-ms-win-core-timezone-l1-1-0.dll
0x000002d5f6d90000 - 0x000002d5f6d93000 	C:\Users\Asus\.openjfx\cache\17.0.6\api-ms-win-core-util-l1-1-0.dll
0x000002d5f6da0000 - 0x000002d5f6da3000 	C:\Users\Asus\.openjfx\cache\17.0.6\api-ms-win-crt-conio-l1-1-0.dll
0x000002d5f6db0000 - 0x000002d5f6db4000 	C:\Users\Asus\.openjfx\cache\17.0.6\api-ms-win-crt-convert-l1-1-0.dll
0x000002d5f6dc0000 - 0x000002d5f6dc3000 	C:\Users\Asus\.openjfx\cache\17.0.6\api-ms-win-crt-environment-l1-1-0.dll
0x000002d5f6dd0000 - 0x000002d5f6dd3000 	C:\Users\Asus\.openjfx\cache\17.0.6\api-ms-win-crt-filesystem-l1-1-0.dll
0x000002d5f6de0000 - 0x000002d5f6de3000 	C:\Users\Asus\.openjfx\cache\17.0.6\api-ms-win-crt-heap-l1-1-0.dll
0x000002d5f6df0000 - 0x000002d5f6df3000 	C:\Users\Asus\.openjfx\cache\17.0.6\api-ms-win-crt-locale-l1-1-0.dll
0x000002d5f6e00000 - 0x000002d5f6e05000 	C:\Users\Asus\.openjfx\cache\17.0.6\api-ms-win-crt-math-l1-1-0.dll
0x000002d5f6e10000 - 0x000002d5f6e15000 	C:\Users\Asus\.openjfx\cache\17.0.6\api-ms-win-crt-multibyte-l1-1-0.dll
0x000002d5f6e20000 - 0x000002d5f6e30000 	C:\Users\Asus\.openjfx\cache\17.0.6\api-ms-win-crt-private-l1-1-0.dll
0x000002d5f6e30000 - 0x000002d5f6e33000 	C:\Users\Asus\.openjfx\cache\17.0.6\api-ms-win-crt-process-l1-1-0.dll
0x000002d5f6e40000 - 0x000002d5f6e44000 	C:\Users\Asus\.openjfx\cache\17.0.6\api-ms-win-crt-runtime-l1-1-0.dll
0x000002d5f6e50000 - 0x000002d5f6e54000 	C:\Users\Asus\.openjfx\cache\17.0.6\api-ms-win-crt-stdio-l1-1-0.dll
0x000002d5f6e60000 - 0x000002d5f6e64000 	C:\Users\Asus\.openjfx\cache\17.0.6\api-ms-win-crt-string-l1-1-0.dll
0x000002d5f6e70000 - 0x000002d5f6e73000 	C:\Users\Asus\.openjfx\cache\17.0.6\api-ms-win-crt-time-l1-1-0.dll
0x000002d5f6e80000 - 0x000002d5f6e83000 	C:\Users\Asus\.openjfx\cache\17.0.6\api-ms-win-crt-utility-l1-1-0.dll
0x00007ffbf52c0000 - 0x00007ffbf53bc000 	C:\Users\Asus\.openjfx\cache\17.0.6\ucrtbase.dll
0x00007ffbfe5c0000 - 0x00007ffbfe5da000 	C:\Users\Asus\.openjfx\cache\17.0.6\vcruntime140.dll
0x00007ffbfe5b0000 - 0x00007ffbfe5bc000 	C:\Users\Asus\.openjfx\cache\17.0.6\vcruntime140_1.dll
0x00007ffbf7750000 - 0x00007ffbf77dd000 	C:\Users\Asus\.openjfx\cache\17.0.6\msvcp140.dll
0x00007ffbfe5a0000 - 0x00007ffbfe5a9000 	C:\Users\Asus\.openjfx\cache\17.0.6\msvcp140_1.dll
0x00007ffbfaa80000 - 0x00007ffbfaaaf000 	C:\Users\Asus\.openjfx\cache\17.0.6\msvcp140_2.dll
0x00007ffbf98a0000 - 0x00007ffbf98ca000 	C:\Users\Asus\.openjfx\cache\17.0.6\prism_d3d.dll
0x00007ffbb5e10000 - 0x00007ffbb5fc1000 	C:\WINDOWS\system32\d3d9.dll
0x00007ffc139b0000 - 0x00007ffc139db000 	C:\WINDOWS\SYSTEM32\dwmapi.dll
0x00007ffc13bb0000 - 0x00007ffc13bf4000 	C:\WINDOWS\SYSTEM32\dxcore.dll
0x00007ffc138a0000 - 0x00007ffc13948000 	C:\WINDOWS\system32\uxtheme.dll
0x00007ffc0fd60000 - 0x00007ffc0ff18000 	C:\WINDOWS\System32\DriverStore\FileRepository\u0379124.inf_amd64_8773bc065cfe07b7\B377477\aticfx64.dll
0x00007ffbf9860000 - 0x00007ffbf9894000 	C:\WINDOWS\System32\DriverStore\FileRepository\u0379124.inf_amd64_8773bc065cfe07b7\B377477\atiu9p64.dll
0x00007ffba56f0000 - 0x00007ffba6444000 	C:\WINDOWS\System32\DriverStore\FileRepository\u0379124.inf_amd64_8773bc065cfe07b7\B377477\atiumd64.dll
0x00007ffc183a0000 - 0x00007ffc18538000 	C:\WINDOWS\System32\ole32.dll
0x00007ffc0d2a0000 - 0x00007ffc0d2d0000 	C:\WINDOWS\SYSTEM32\amdihk64.dll
0x00007ffc11210000 - 0x00007ffc11270000 	C:\WINDOWS\SYSTEM32\directxdatabasehelper.dll
0x00007ffbf8880000 - 0x00007ffbf88c2000 	C:\Users\Asus\.openjfx\cache\17.0.6\glass.dll
0x00007ffc18f20000 - 0x00007ffc19011000 	C:\WINDOWS\System32\COMDLG32.dll
0x00007ffc19340000 - 0x00007ffc19498000 	C:\WINDOWS\System32\MSCTF.dll
0x00007ffbf9d60000 - 0x00007ffbf9d74000 	C:\Users\Asus\.openjfx\cache\17.0.6\javafx_font.dll
0x00007ffc127b0000 - 0x00007ffc12a17000 	C:\WINDOWS\SYSTEM32\dwrite.dll
0x00007ffc19020000 - 0x00007ffc190d1000 	C:\WINDOWS\System32\clbcatq.dll
0x00007ffc11f30000 - 0x00007ffc1215f000 	C:\WINDOWS\SYSTEM32\WindowsCodecs.dll
0x00007ffbea9d0000 - 0x00007ffbeaa2a000 	C:\WINDOWS\system32\dataexchange.dll
0x00007ffc0be40000 - 0x00007ffc0c079000 	C:\WINDOWS\system32\twinapi.appcore.dll
0x00007ffbf8690000 - 0x00007ffbf86bc000 	C:\Program Files\Common Files\Microsoft Shared\Ink\rtscom.dll
0x00007ffbffca0000 - 0x00007ffbffde9000 	C:\WINDOWS\SYSTEM32\textinputframework.dll
0x00007ffc13320000 - 0x00007ffc13445000 	C:\WINDOWS\SYSTEM32\CoreMessaging.dll
0x00007ffc10630000 - 0x00007ffc10913000 	C:\WINDOWS\SYSTEM32\CoreUIComponents.dll
0x00007ffc16080000 - 0x00007ffc1608c000 	C:\WINDOWS\SYSTEM32\CRYPTBASE.DLL

dbghelp: loaded successfully - version: 4.0.5 - missing functions: none
symbol engine: initialized successfully - sym options: 0x614 - pdb path: .;C:\Users\Asus\.jdks\corretto-17.0.16\bin;C:\WINDOWS\SYSTEM32;C:\WINDOWS\WinSxS\amd64_microsoft.windows.common-controls_6595b64144ccf1df_6.0.26100.5074_none_3e0d6f78e32fd63f;C:\Users\Asus\.jdks\corretto-17.0.16\bin\server;C:\Program Files\JetBrains\IntelliJ IDEA 2024.2.0.1\bin;C:\Users\Asus\.openjfx\cache\17.0.6;C:\WINDOWS\System32\DriverStore\FileRepository\u0379124.inf_amd64_8773bc065cfe07b7\B377477;C:\Program Files\Common Files\Microsoft Shared\Ink

VM Arguments:
jvm_args: -javaagent:C:\Program Files\JetBrains\IntelliJ IDEA 2024.2.0.1\lib\idea_rt.jar=53081:C:\Program Files\JetBrains\IntelliJ IDEA 2024.2.0.1\bin -Dfile.encoding=UTF-8 --module-path=C:\Users\Asus\.m2\repository\org\openjfx\javafx-base\17.0.6\javafx-base-17.0.6-win.jar;C:\Users\Asus\.m2\repository\org\openjfx\javafx-graphics\17.0.6\javafx-graphics-17.0.6-win.jar;C:\Users\Asus\IdeaProjects\GameSudoku\target\classes;C:\Users\Asus\.m2\repository\org\openjfx\javafx-controls\17.0.6\javafx-controls-17.0.6-win.jar;C:\Users\Asus\.m2\repository\org\openjfx\javafx-fxml\17.0.6\javafx-fxml-17.0.6-win.jar -Djdk.module.main=com.example.gamesudoku 
java_command: com.example.gamesudoku/com.example.gamesudoku.Main
java_class_path (initial): C:\Users\Asus\.m2\repository\org\openjfx\javafx-controls\17.0.6\javafx-controls-17.0.6.jar;C:\Users\Asus\.m2\repository\org\openjfx\javafx-graphics\17.0.6\javafx-graphics-17.0.6.jar;C:\Users\Asus\.m2\repository\org\openjfx\javafx-base\17.0.6\javafx-base-17.0.6.jar;C:\Users\Asus\.m2\repository\org\openjfx\javafx-fxml\17.0.6\javafx-fxml-17.0.6.jar
Launcher Type: SUN_STANDARD

[Global flags]
     intx CICompilerCount                          = 4                                         {product} {ergonomic}
     uint ConcGCThreads                            = 2                                         {product} {ergonomic}
     uint G1ConcRefinementThreads                  = 8                                         {product} {ergonomic}
   size_t G1HeapRegionSize                         = 2097152                                   {product} {ergonomic}
    uintx GCDrainStackTargetSize                   = 64                                        {product} {ergonomic}
   size_t InitialHeapSize                          = 167772160                                 {product} {ergonomic}
   size_t MarkStackSize                            = 4194304                                   {product} {ergonomic}
   size_t MaxHeapSize                              = 2671771648                                {product} {ergonomic}
   size_t MaxNewSize                               = 1602224128                                {product} {ergonomic}
   size_t MinHeapDeltaBytes                        = 2097152                                   {product} {ergonomic}
   size_t MinHeapSize                              = 8388608                                   {product} {ergonomic}
    uintx NonNMethodCodeHeapSize                   = 5839372                                {pd product} {ergonomic}
    uintx NonProfiledCodeHeapSize                  = 122909434                              {pd product} {ergonomic}
    uintx ProfiledCodeHeapSize                     = 122909434                              {pd product} {ergonomic}
    uintx ReservedCodeCacheSize                    = 251658240                              {pd product} {ergonomic}
     bool SegmentedCodeCache                       = true                                      {product} {ergonomic}
   size_t SoftMaxHeapSize                          = 2671771648                             {manageable} {ergonomic}
     bool UseCompressedClassPointers               = true                           {product lp64_product} {ergonomic}
     bool UseCompressedOops                        = true                           {product lp64_product} {ergonomic}
     bool UseG1GC                                  = true                                      {product} {ergonomic}
     bool UseLargePagesIndividualAllocation        = false                                  {pd product} {ergonomic}

Logging:
Log output configuration:
 #0: stdout all=warning uptime,level,tags
 #1: stderr all=off uptime,level,tags

Environment Variables:
PATH=C:\WINDOWS\system32;C:\WINDOWS;C:\WINDOWS\System32\Wbem;C:\WINDOWS\System32\WindowsPowerShell\v1.0\;C:\WINDOWS\System32\OpenSSH\;C:\Program Files\Docker\Docker\resources\bin;C:\Program Files\Git\cmd;C:\Users\Asus\AppData\Local\Microsoft\WindowsApps;C:\Users\Asus\AppData\Local\GitHubDesktop\bin
USERNAME=Asus
OS=Windows_NT
PROCESSOR_IDENTIFIER=AMD64 Family 23 Model 24 Stepping 1, AuthenticAMD
TMP=C:\Users\Asus\AppData\Local\Temp
TEMP=C:\Users\Asus\AppData\Local\Temp



Periodic native trim disabled


---------------  S Y S T E M  ---------------

OS:
 Windows 11 , 64 bit Build 26100 (10.0.26100.5074)
OS uptime: 2 days 9:44 hours
Hyper-V role detected

CPU: total 8 (initial active 8) (8 cores per cpu, 2 threads per core) family 23 model 24 stepping 1 microcode 0x8108109, cx8, cmov, fxsr, ht, mmx, 3dnowpref, sse, sse2, sse3, ssse3, sse4a, sse4.1, sse4.2, popcnt, lzcnt, tsc, tscinvbit, avx, avx2, aes, clmul, bmi1, bmi2, adx, sha, fma, vzeroupper, clflush, clflushopt, hv
Processor Information for all 8 processors :
  Max Mhz: 2100, Current Mhz: 2100, Mhz Limit: 2100

Memory: 4k page, system-wide physical 10187M (1740M free)
TotalPageFile size 12235M (AvailPageFile size 5M)
current process WorkingSet (physical memory assigned to process): 136M, peak: 137M
current process commit charge ("private bytes"): 282M, peak: 283M

vm_info: OpenJDK 64-Bit Server VM (17.0.16+8-LTS) for windows-amd64 JRE (17.0.16+8-LTS), built on Jul  9 2025 19:25:12 by "Administrator" with MS VC++ 16.10 / 16.11 (VS2019)

END.
