#
# There is insufficient memory for the Java Runtime Environment to continue.
# Native memory allocation (malloc) failed to allocate 1074576 bytes. Error detail: Chunk::new
# Possible reasons:
#   The system is out of physical RAM or swap space
#   This process is running with CompressedOops enabled, and the Java Heap may be blocking the growth of the native heap
# Possible solutions:
#   Reduce memory load on the system
#   Increase physical memory or swap space
#   Check if swap backing store is full
#   Decrease Java heap size (-Xmx/-Xms)
#   Decrease number of Java threads
#   Decrease Java thread stack sizes (-Xss)
#   Set larger code cache with -XX:ReservedCodeCacheSize=
#   JVM is running with Zero Based Compressed Oops mode in which the Java heap is
#     placed in the first 32GB address space. The Java Heap base address is the
#     maximum limit for the native heap growth. Please use -XX:HeapBaseMinAddress
#     to set the Java Heap base and to place the Java Heap above 32GB virtual address.
# This output file may be truncated or incomplete.
#
#  Out of Memory Error (arena.cpp:191), pid=5596, tid=10384
#
# JRE version: OpenJDK Runtime Environment Corretto-17.0.16.8.1 (17.0.16+8) (build 17.0.16+8-LTS)
# Java VM: OpenJDK 64-Bit Server VM Corretto-17.0.16.8.1 (17.0.16+8-LTS, mixed mode, sharing, tiered, compressed oops, compressed class ptrs, g1 gc, windows-amd64)
# No core dump will be written. Minidumps are not enabled by default on client versions of Windows
#

---------------  S U M M A R Y ------------

Command Line: -javaagent:C:\Program Files\JetBrains\IntelliJ IDEA 2024.2.0.1\lib\idea_rt.jar=59154:C:\Program Files\JetBrains\IntelliJ IDEA 2024.2.0.1\bin -Dfile.encoding=UTF-8 --module-path=C:\Users\Asus\.m2\repository\org\openjfx\javafx-graphics\17.0.6\javafx-graphics-17.0.6-win.jar;C:\Users\Asus\IdeaProjects\GameSudoku\target\classes;C:\Users\Asus\.m2\repository\org\openjfx\javafx-fxml\17.0.6\javafx-fxml-17.0.6-win.jar;C:\Users\Asus\.m2\repository\org\openjfx\javafx-controls\17.0.6\javafx-controls-17.0.6-win.jar;C:\Users\Asus\.m2\repository\org\openjfx\javafx-base\17.0.6\javafx-base-17.0.6-win.jar -Djdk.module.main=com.example.gamesudoku com.example.gamesudoku/com.example.gamesudoku.Main

Host: AMD Ryzen 5 3500U with Radeon Vega Mobile Gfx  , 8 cores, 9G,  Windows 11 , 64 bit Build 26100 (10.0.26100.5074)
Time: Wed Oct  8 22:12:39 2025 Hora est. Pacífico, Sudamérica elapsed time: 116.124813 seconds (0d 0h 1m 56s)

---------------  T H R E A D  ---------------

Current thread (0x000001edfc5c4a30):  JavaThread "C2 CompilerThread0" daemon [_thread_in_native, id=10384, stack(0x000000a78cf00000,0x000000a78d000000)]


Current CompileTask:
C2: 116124 4004   !   4       com.sun.javafx.tk.Toolkit::firePulse (279 bytes)

Stack: [0x000000a78cf00000,0x000000a78d000000]
Native frames: (J=compiled Java code, j=interpreted, Vv=VM code, C=native code)
V  [jvm.dll+0x681329]
V  [jvm.dll+0x838dda]
V  [jvm.dll+0x83a89e]
V  [jvm.dll+0x83af03]
V  [jvm.dll+0x2484af]
V  [jvm.dll+0xaca34]
V  [jvm.dll+0xad07c]
V  [jvm.dll+0x2afb1f]
V  [jvm.dll+0x5877d7]
V  [jvm.dll+0x223252]
V  [jvm.dll+0x22364f]
V  [jvm.dll+0x21c760]
V  [jvm.dll+0x219c61]
V  [jvm.dll+0x1a5a8d]
V  [jvm.dll+0x229a9d]
V  [jvm.dll+0x227c5c]
V  [jvm.dll+0x7edd17]
V  [jvm.dll+0x7e826c]
V  [jvm.dll+0x6801f7]
C  [ucrtbase.dll+0x37b0]
C  [KERNEL32.DLL+0x2e8d7]
C  [ntdll.dll+0x8d9c]


---------------  P R O C E S S  ---------------

Threads class SMR info:
_java_thread_list=0x000001edd8b8c930, length=20, elements={
0x000001edebe79410, 0x000001edfc5a2240, 0x000001edfc5a3880, 0x000001edfc5b60a0,
0x000001edfc5b8980, 0x000001edfc5b9dc0, 0x000001edfc5bb200, 0x000001edfc5c4a30,
0x000001edfc5d8560, 0x000001edfc5f8e80, 0x000001edfc58c850, 0x000001edfd00c6d0,
0x000001edfcd2d5b0, 0x000001edfcf08860, 0x000001edfd10ffb0, 0x000001edfd1214c0,
0x000001edfc8ff720, 0x000001edfd1e46e0, 0x000001edd822d260, 0x000001edd822d770
}

Java Threads: ( => current thread )
  0x000001edebe79410 JavaThread "main" [_thread_blocked, id=22504, stack(0x000000a78c200000,0x000000a78c300000)]
  0x000001edfc5a2240 JavaThread "Reference Handler" daemon [_thread_blocked, id=12632, stack(0x000000a78c900000,0x000000a78ca00000)]
  0x000001edfc5a3880 JavaThread "Finalizer" daemon [_thread_blocked, id=6340, stack(0x000000a78ca00000,0x000000a78cb00000)]
  0x000001edfc5b60a0 JavaThread "Signal Dispatcher" daemon [_thread_blocked, id=22688, stack(0x000000a78cb00000,0x000000a78cc00000)]
  0x000001edfc5b8980 JavaThread "Attach Listener" daemon [_thread_blocked, id=13772, stack(0x000000a78cc00000,0x000000a78cd00000)]
  0x000001edfc5b9dc0 JavaThread "Service Thread" daemon [_thread_blocked, id=17704, stack(0x000000a78cd00000,0x000000a78ce00000)]
  0x000001edfc5bb200 JavaThread "Monitor Deflation Thread" daemon [_thread_blocked, id=5464, stack(0x000000a78ce00000,0x000000a78cf00000)]
=>0x000001edfc5c4a30 JavaThread "C2 CompilerThread0" daemon [_thread_in_native, id=10384, stack(0x000000a78cf00000,0x000000a78d000000)]
  0x000001edfc5d8560 JavaThread "C1 CompilerThread0" daemon [_thread_blocked, id=22464, stack(0x000000a78d000000,0x000000a78d100000)]
  0x000001edfc5f8e80 JavaThread "Sweeper thread" daemon [_thread_blocked, id=23200, stack(0x000000a78d100000,0x000000a78d200000)]
  0x000001edfc58c850 JavaThread "Common-Cleaner" daemon [_thread_blocked, id=14916, stack(0x000000a78d200000,0x000000a78d300000)]
  0x000001edfd00c6d0 JavaThread "Monitor Ctrl-Break" daemon [_thread_in_native, id=5908, stack(0x000000a78d500000,0x000000a78d600000)]
  0x000001edfcd2d5b0 JavaThread "Notification Thread" daemon [_thread_blocked, id=22856, stack(0x000000a78d600000,0x000000a78d700000)]
  0x000001edfcf08860 JavaThread "QuantumRenderer-0" daemon [_thread_in_native, id=9652, stack(0x000000a78d800000,0x000000a78d900000)]
  0x000001edfd10ffb0 JavaThread "InvokeLaterDispatcher" daemon [_thread_blocked, id=16432, stack(0x000000a78db00000,0x000000a78dc00000)]
  0x000001edfd1214c0 JavaThread "JavaFX Application Thread" [_thread_in_Java, id=20004, stack(0x000000a78dc00000,0x000000a78dd00000)]
  0x000001edfc8ff720 JavaThread "Thread-1" daemon [_thread_in_native, id=6804, stack(0x000000a78d400000,0x000000a78d500000)]
  0x000001edfd1e46e0 JavaThread "JavaFX-Launcher" [_thread_blocked, id=15864, stack(0x000000a78d300000,0x000000a78d400000)]
  0x000001edd822d260 JavaThread "Prism Font Disposer" daemon [_thread_blocked, id=23424, stack(0x000000a78eb00000,0x000000a78ec00000)]
  0x000001edd822d770 JavaThread "Cleaner-0" daemon [_thread_blocked, id=14112, stack(0x000000a78f100000,0x000000a78f200000)]

Other Threads:
  0x000001edfc59be70 VMThread "VM Thread" [stack: 0x000000a78c800000,0x000000a78c900000] [id=10296]
  0x000001edfcb13540 WatcherThread [stack: 0x000000a78d700000,0x000000a78d800000] [id=22184]
  0x000001edebec8310 GCTaskThread "GC Thread#0" [stack: 0x000000a78c300000,0x000000a78c400000] [id=22916]
  0x000001edfd13da60 GCTaskThread "GC Thread#1" [stack: 0x000000a78e300000,0x000000a78e400000] [id=15208]
  0x000001edfd13e190 GCTaskThread "GC Thread#2" [stack: 0x000000a78e400000,0x000000a78e500000] [id=20368]
  0x000001edfd968a50 GCTaskThread "GC Thread#3" [stack: 0x000000a78e500000,0x000000a78e600000] [id=18412]
  0x000001edfd9d3ca0 GCTaskThread "GC Thread#4" [stack: 0x000000a78e600000,0x000000a78e700000] [id=17436]
  0x000001edfd9d3f60 GCTaskThread "GC Thread#5" [stack: 0x000000a78e700000,0x000000a78e800000] [id=8508]
  0x000001edfdadd6d0 GCTaskThread "GC Thread#6" [stack: 0x000000a78ec00000,0x000000a78ed00000] [id=24484]
  0x000001edd84271b0 GCTaskThread "GC Thread#7" [stack: 0x000000a78ed00000,0x000000a78ee00000] [id=18664]
  0x000001edebecf200 ConcurrentGCThread "G1 Main Marker" [stack: 0x000000a78c400000,0x000000a78c500000] [id=23712]
  0x000001edebed08f0 ConcurrentGCThread "G1 Conc#0" [stack: 0x000000a78c500000,0x000000a78c600000] [id=23824]
  0x000001edfc4624b0 ConcurrentGCThread "G1 Refine#0" [stack: 0x000000a78c600000,0x000000a78c700000] [id=5396]
  0x000001edfdacd590 ConcurrentGCThread "G1 Refine#1" [stack: 0x000000a78ee00000,0x000000a78ef00000] [id=7972]
  0x000001edd8427470 ConcurrentGCThread "G1 Refine#2" [stack: 0x000000a78ef00000,0x000000a78f000000] [id=11036]
  0x000001edd856f020 ConcurrentGCThread "G1 Refine#3" [stack: 0x000000a78f000000,0x000000a78f100000] [id=5664]
  0x000001edfc462c90 ConcurrentGCThread "G1 Service" [stack: 0x000000a78c700000,0x000000a78c800000] [id=17600]

Threads with active compile tasks:
C2 CompilerThread0   116157 4004   !   4       com.sun.javafx.tk.Toolkit::firePulse (279 bytes)

VM state: not at safepoint (normal execution)

VM Mutex/Monitor currently owned by a thread: None

Heap address: 0x0000000760c00000, size: 2548 MB, Compressed Oops mode: Zero based, Oop shift amount: 3

CDS archive(s) mapped at: [0x000001ed8f000000-0x000001ed8fbb0000-0x000001ed8fbb0000), size 12255232, SharedBaseAddress: 0x000001ed8f000000, ArchiveRelocationMode: 1.
Compressed class space mapped at: 0x000001ed90000000-0x000001edd0000000, reserved size: 1073741824
Narrow klass base: 0x000001ed8f000000, Narrow klass shift: 0, Narrow klass range: 0x100000000

GC Precious Log:
 CPUs: 8 total, 8 available
 Memory: 10187M
 Large Page Support: Disabled
 NUMA Support: Disabled
 Compressed Oops: Enabled (Zero based)
 Heap Region Size: 2M
 Heap Min Capacity: 8M
 Heap Initial Capacity: 160M
 Heap Max Capacity: 2548M
 Pre-touch: Disabled
 Parallel Workers: 8
 Concurrent Workers: 2
 Concurrent Refinement Workers: 8
 Periodic GC: Disabled

Heap:
 garbage-first heap   total 163840K, used 29211K [0x0000000760c00000, 0x0000000800000000)
  region size 2048K, 13 young (26624K), 3 survivors (6144K)
 Metaspace       used 16550K, committed 16832K, reserved 1114112K
  class space    used 2216K, committed 2368K, reserved 1048576K

Heap Regions: E=young(eden), S=young(survivor), O=old, HS=humongous(starts), HC=humongous(continues), CS=collection set, F=free, OA=open archive, CA=closed archive, TAMS=top-at-mark-start (previous, next)
|   0|0x0000000760c00000, 0x0000000760e00000, 0x0000000760e00000|100%| O|  |TAMS 0x0000000760c00000, 0x0000000760c00000| Untracked 
|   1|0x0000000760e00000, 0x0000000760e86c00, 0x0000000761000000| 26%| O|  |TAMS 0x0000000760e00000, 0x0000000760e00000| Untracked 
|   2|0x0000000761000000, 0x0000000761200000, 0x0000000761200000|100%|HS|  |TAMS 0x0000000761000000, 0x0000000761000000| Complete 
|   3|0x0000000761200000, 0x0000000761200000, 0x0000000761400000|  0%| F|  |TAMS 0x0000000761200000, 0x0000000761200000| Untracked 
|   4|0x0000000761400000, 0x0000000761400000, 0x0000000761600000|  0%| F|  |TAMS 0x0000000761400000, 0x0000000761400000| Untracked 
|   5|0x0000000761600000, 0x0000000761600000, 0x0000000761800000|  0%| F|  |TAMS 0x0000000761600000, 0x0000000761600000| Untracked 
|   6|0x0000000761800000, 0x0000000761800000, 0x0000000761a00000|  0%| F|  |TAMS 0x0000000761800000, 0x0000000761800000| Untracked 
|   7|0x0000000761a00000, 0x0000000761a00000, 0x0000000761c00000|  0%| F|  |TAMS 0x0000000761a00000, 0x0000000761a00000| Untracked 
|   8|0x0000000761c00000, 0x0000000761c00000, 0x0000000761e00000|  0%| F|  |TAMS 0x0000000761c00000, 0x0000000761c00000| Untracked 
|   9|0x0000000761e00000, 0x0000000761e00000, 0x0000000762000000|  0%| F|  |TAMS 0x0000000761e00000, 0x0000000761e00000| Untracked 
|  10|0x0000000762000000, 0x0000000762000000, 0x0000000762200000|  0%| F|  |TAMS 0x0000000762000000, 0x0000000762000000| Untracked 
|  11|0x0000000762200000, 0x0000000762200000, 0x0000000762400000|  0%| F|  |TAMS 0x0000000762200000, 0x0000000762200000| Untracked 
|  12|0x0000000762400000, 0x0000000762400000, 0x0000000762600000|  0%| F|  |TAMS 0x0000000762400000, 0x0000000762400000| Untracked 
|  13|0x0000000762600000, 0x0000000762600000, 0x0000000762800000|  0%| F|  |TAMS 0x0000000762600000, 0x0000000762600000| Untracked 
|  14|0x0000000762800000, 0x0000000762800000, 0x0000000762a00000|  0%| F|  |TAMS 0x0000000762800000, 0x0000000762800000| Untracked 
|  15|0x0000000762a00000, 0x0000000762a00000, 0x0000000762c00000|  0%| F|  |TAMS 0x0000000762a00000, 0x0000000762a00000| Untracked 
|  16|0x0000000762c00000, 0x0000000762c00000, 0x0000000762e00000|  0%| F|  |TAMS 0x0000000762c00000, 0x0000000762c00000| Untracked 
|  17|0x0000000762e00000, 0x0000000762e00000, 0x0000000763000000|  0%| F|  |TAMS 0x0000000762e00000, 0x0000000762e00000| Untracked 
|  18|0x0000000763000000, 0x0000000763000000, 0x0000000763200000|  0%| F|  |TAMS 0x0000000763000000, 0x0000000763000000| Untracked 
|  19|0x0000000763200000, 0x0000000763200000, 0x0000000763400000|  0%| F|  |TAMS 0x0000000763200000, 0x0000000763200000| Untracked 
|  20|0x0000000763400000, 0x0000000763400000, 0x0000000763600000|  0%| F|  |TAMS 0x0000000763400000, 0x0000000763400000| Untracked 
|  21|0x0000000763600000, 0x0000000763600000, 0x0000000763800000|  0%| F|  |TAMS 0x0000000763600000, 0x0000000763600000| Untracked 
|  22|0x0000000763800000, 0x0000000763800000, 0x0000000763a00000|  0%| F|  |TAMS 0x0000000763800000, 0x0000000763800000| Untracked 
|  23|0x0000000763a00000, 0x0000000763a00000, 0x0000000763c00000|  0%| F|  |TAMS 0x0000000763a00000, 0x0000000763a00000| Untracked 
|  24|0x0000000763c00000, 0x0000000763c00000, 0x0000000763e00000|  0%| F|  |TAMS 0x0000000763c00000, 0x0000000763c00000| Untracked 
|  25|0x0000000763e00000, 0x0000000763e00000, 0x0000000764000000|  0%| F|  |TAMS 0x0000000763e00000, 0x0000000763e00000| Untracked 
|  26|0x0000000764000000, 0x0000000764000000, 0x0000000764200000|  0%| F|  |TAMS 0x0000000764000000, 0x0000000764000000| Untracked 
|  27|0x0000000764200000, 0x0000000764200000, 0x0000000764400000|  0%| F|  |TAMS 0x0000000764200000, 0x0000000764200000| Untracked 
|  28|0x0000000764400000, 0x0000000764400000, 0x0000000764600000|  0%| F|  |TAMS 0x0000000764400000, 0x0000000764400000| Untracked 
|  29|0x0000000764600000, 0x0000000764600000, 0x0000000764800000|  0%| F|  |TAMS 0x0000000764600000, 0x0000000764600000| Untracked 
|  30|0x0000000764800000, 0x0000000764800000, 0x0000000764a00000|  0%| F|  |TAMS 0x0000000764800000, 0x0000000764800000| Untracked 
|  31|0x0000000764a00000, 0x0000000764a00000, 0x0000000764c00000|  0%| F|  |TAMS 0x0000000764a00000, 0x0000000764a00000| Untracked 
|  32|0x0000000764c00000, 0x0000000764c00000, 0x0000000764e00000|  0%| F|  |TAMS 0x0000000764c00000, 0x0000000764c00000| Untracked 
|  33|0x0000000764e00000, 0x0000000764e00000, 0x0000000765000000|  0%| F|  |TAMS 0x0000000764e00000, 0x0000000764e00000| Untracked 
|  34|0x0000000765000000, 0x0000000765000000, 0x0000000765200000|  0%| F|  |TAMS 0x0000000765000000, 0x0000000765000000| Untracked 
|  35|0x0000000765200000, 0x0000000765200000, 0x0000000765400000|  0%| F|  |TAMS 0x0000000765200000, 0x0000000765200000| Untracked 
|  36|0x0000000765400000, 0x0000000765400000, 0x0000000765600000|  0%| F|  |TAMS 0x0000000765400000, 0x0000000765400000| Untracked 
|  37|0x0000000765600000, 0x0000000765600000, 0x0000000765800000|  0%| F|  |TAMS 0x0000000765600000, 0x0000000765600000| Untracked 
|  38|0x0000000765800000, 0x0000000765800000, 0x0000000765a00000|  0%| F|  |TAMS 0x0000000765800000, 0x0000000765800000| Untracked 
|  39|0x0000000765a00000, 0x0000000765a00000, 0x0000000765c00000|  0%| F|  |TAMS 0x0000000765a00000, 0x0000000765a00000| Untracked 
|  40|0x0000000765c00000, 0x0000000765c00000, 0x0000000765e00000|  0%| F|  |TAMS 0x0000000765c00000, 0x0000000765c00000| Untracked 
|  41|0x0000000765e00000, 0x0000000765e00000, 0x0000000766000000|  0%| F|  |TAMS 0x0000000765e00000, 0x0000000765e00000| Untracked 
|  42|0x0000000766000000, 0x0000000766000000, 0x0000000766200000|  0%| F|  |TAMS 0x0000000766000000, 0x0000000766000000| Untracked 
|  43|0x0000000766200000, 0x0000000766200000, 0x0000000766400000|  0%| F|  |TAMS 0x0000000766200000, 0x0000000766200000| Untracked 
|  44|0x0000000766400000, 0x0000000766400000, 0x0000000766600000|  0%| F|  |TAMS 0x0000000766400000, 0x0000000766400000| Untracked 
|  45|0x0000000766600000, 0x0000000766600000, 0x0000000766800000|  0%| F|  |TAMS 0x0000000766600000, 0x0000000766600000| Untracked 
|  46|0x0000000766800000, 0x0000000766800000, 0x0000000766a00000|  0%| F|  |TAMS 0x0000000766800000, 0x0000000766800000| Untracked 
|  47|0x0000000766a00000, 0x0000000766a00000, 0x0000000766c00000|  0%| F|  |TAMS 0x0000000766a00000, 0x0000000766a00000| Untracked 
|  48|0x0000000766c00000, 0x0000000766c00000, 0x0000000766e00000|  0%| F|  |TAMS 0x0000000766c00000, 0x0000000766c00000| Untracked 
|  49|0x0000000766e00000, 0x0000000766e00000, 0x0000000767000000|  0%| F|  |TAMS 0x0000000766e00000, 0x0000000766e00000| Untracked 
|  50|0x0000000767000000, 0x0000000767000000, 0x0000000767200000|  0%| F|  |TAMS 0x0000000767000000, 0x0000000767000000| Untracked 
|  51|0x0000000767200000, 0x0000000767200000, 0x0000000767400000|  0%| F|  |TAMS 0x0000000767200000, 0x0000000767200000| Untracked 
|  52|0x0000000767400000, 0x0000000767400000, 0x0000000767600000|  0%| F|  |TAMS 0x0000000767400000, 0x0000000767400000| Untracked 
|  53|0x0000000767600000, 0x0000000767600000, 0x0000000767800000|  0%| F|  |TAMS 0x0000000767600000, 0x0000000767600000| Untracked 
|  54|0x0000000767800000, 0x0000000767800000, 0x0000000767a00000|  0%| F|  |TAMS 0x0000000767800000, 0x0000000767800000| Untracked 
|  55|0x0000000767a00000, 0x0000000767a00000, 0x0000000767c00000|  0%| F|  |TAMS 0x0000000767a00000, 0x0000000767a00000| Untracked 
|  56|0x0000000767c00000, 0x0000000767c00000, 0x0000000767e00000|  0%| F|  |TAMS 0x0000000767c00000, 0x0000000767c00000| Untracked 
|  57|0x0000000767e00000, 0x0000000768000000, 0x0000000768000000|100%| S|CS|TAMS 0x0000000767e00000, 0x0000000767e00000| Complete 
|  58|0x0000000768000000, 0x0000000768200000, 0x0000000768200000|100%| S|CS|TAMS 0x0000000768000000, 0x0000000768000000| Complete 
|  59|0x0000000768200000, 0x0000000768400000, 0x0000000768400000|100%| S|CS|TAMS 0x0000000768200000, 0x0000000768200000| Complete 
|  60|0x0000000768400000, 0x0000000768400000, 0x0000000768600000|  0%| F|  |TAMS 0x0000000768400000, 0x0000000768400000| Untracked 
|  61|0x0000000768600000, 0x0000000768600000, 0x0000000768800000|  0%| F|  |TAMS 0x0000000768600000, 0x0000000768600000| Untracked 
|  62|0x0000000768800000, 0x0000000768800000, 0x0000000768a00000|  0%| F|  |TAMS 0x0000000768800000, 0x0000000768800000| Untracked 
|  63|0x0000000768a00000, 0x0000000768a00000, 0x0000000768c00000|  0%| F|  |TAMS 0x0000000768a00000, 0x0000000768a00000| Untracked 
|  64|0x0000000768c00000, 0x0000000768c00000, 0x0000000768e00000|  0%| F|  |TAMS 0x0000000768c00000, 0x0000000768c00000| Untracked 
|  65|0x0000000768e00000, 0x0000000768e00000, 0x0000000769000000|  0%| F|  |TAMS 0x0000000768e00000, 0x0000000768e00000| Untracked 
|  66|0x0000000769000000, 0x0000000769000000, 0x0000000769200000|  0%| F|  |TAMS 0x0000000769000000, 0x0000000769000000| Untracked 
|  67|0x0000000769200000, 0x0000000769200000, 0x0000000769400000|  0%| F|  |TAMS 0x0000000769200000, 0x0000000769200000| Untracked 
|  68|0x0000000769400000, 0x0000000769400000, 0x0000000769600000|  0%| F|  |TAMS 0x0000000769400000, 0x0000000769400000| Untracked 
|  69|0x0000000769600000, 0x0000000769600000, 0x0000000769800000|  0%| F|  |TAMS 0x0000000769600000, 0x0000000769600000| Untracked 
|  70|0x0000000769800000, 0x0000000769900000, 0x0000000769a00000| 50%| E|  |TAMS 0x0000000769800000, 0x0000000769800000| Complete 
|  71|0x0000000769a00000, 0x0000000769c00000, 0x0000000769c00000|100%| E|CS|TAMS 0x0000000769a00000, 0x0000000769a00000| Complete 
|  72|0x0000000769c00000, 0x0000000769e00000, 0x0000000769e00000|100%| E|CS|TAMS 0x0000000769c00000, 0x0000000769c00000| Complete 
|  73|0x0000000769e00000, 0x000000076a000000, 0x000000076a000000|100%| E|CS|TAMS 0x0000000769e00000, 0x0000000769e00000| Complete 
|  74|0x000000076a000000, 0x000000076a200000, 0x000000076a200000|100%| E|CS|TAMS 0x000000076a000000, 0x000000076a000000| Complete 
|  75|0x000000076a200000, 0x000000076a400000, 0x000000076a400000|100%| E|CS|TAMS 0x000000076a200000, 0x000000076a200000| Complete 
|  76|0x000000076a400000, 0x000000076a600000, 0x000000076a600000|100%| E|CS|TAMS 0x000000076a400000, 0x000000076a400000| Complete 
|  77|0x000000076a600000, 0x000000076a800000, 0x000000076a800000|100%| E|CS|TAMS 0x000000076a600000, 0x000000076a600000| Complete 
|  78|0x000000076a800000, 0x000000076aa00000, 0x000000076aa00000|100%| E|CS|TAMS 0x000000076a800000, 0x000000076a800000| Complete 
|  79|0x000000076aa00000, 0x000000076ac00000, 0x000000076ac00000|100%| E|CS|TAMS 0x000000076aa00000, 0x000000076aa00000| Complete 

Card table byte_map: [0x000001edf41f0000,0x000001edf46f0000] _byte_map_base: 0x000001edf06ea000

Marking Bits (Prev, Next): (CMBitMap*) 0x000001edebec9940, (CMBitMap*) 0x000001edebec9980
 Prev Bits: [0x000001edf4bf0000, 0x000001edf73c0000)
 Next Bits: [0x000001edf73c0000, 0x000001edf9b90000)

Polling page: 0x000001ede9de0000

Metaspace:

Usage:
  Non-class:     14.00 MB used.
      Class:      2.16 MB used.
       Both:     16.16 MB used.

Virtual space:
  Non-class space:       64.00 MB reserved,      14.12 MB ( 22%) committed,  1 nodes.
      Class space:        1.00 GB reserved,       2.31 MB ( <1%) committed,  1 nodes.
             Both:        1.06 GB reserved,      16.44 MB (  2%) committed. 

Chunk freelists:
   Non-Class:  1.83 MB
       Class:  13.70 MB
        Both:  15.53 MB

MaxMetaspaceSize: unlimited
CompressedClassSpaceSize: 1.00 GB
Initial GC threshold: 21.00 MB
Current GC threshold: 21.00 MB
CDS: on
MetaspaceReclaimPolicy: balanced
 - commit_granule_bytes: 65536.
 - commit_granule_words: 8192.
 - virtual_space_node_default_size: 8388608.
 - enlarge_chunks_in_place: 1.
 - new_chunks_are_fully_committed: 0.
 - uncommit_free_chunks: 1.
 - use_allocation_guard: 0.
 - handle_deallocations: 1.


Internal statistics:

num_allocs_failed_limit: 0.
num_arena_births: 216.
num_arena_deaths: 0.
num_vsnodes_births: 2.
num_vsnodes_deaths: 0.
num_space_committed: 263.
num_space_uncommitted: 0.
num_chunks_returned_to_freelist: 0.
num_chunks_taken_from_freelist: 747.
num_chunk_merges: 0.
num_chunk_splits: 512.
num_chunks_enlarged: 394.
num_inconsistent_stats: 0.

CodeHeap 'non-profiled nmethods': size=120000Kb used=1959Kb max_used=1959Kb free=118040Kb
 bounds [0x000001ed87ad0000, 0x000001ed87d40000, 0x000001ed8f000000]
CodeHeap 'profiled nmethods': size=120000Kb used=8052Kb max_used=8052Kb free=111947Kb
 bounds [0x000001ed80000000, 0x000001ed807e0000, 0x000001ed87530000]
CodeHeap 'non-nmethods': size=5760Kb used=1424Kb max_used=1453Kb free=4335Kb
 bounds [0x000001ed87530000, 0x000001ed877a0000, 0x000001ed87ad0000]
 total_blobs=4811 nmethods=4025 adapters=696
 compilation: enabled
              stopped_count=0, restarted_count=0
 full_count=0

Compilation events (20 events):
Event: 113.873 Thread 0x000001edfc5d8560 nmethod 4003 0x000001ed807d1590 code [0x000001ed807d1760, 0x000001ed807d1ca8]
Event: 113.998 Thread 0x000001edfc5c4a30 4004   !   4       com.sun.javafx.tk.Toolkit::firePulse (279 bytes)
Event: 113.999 Thread 0x000001edfc5d8560 4005       3       javafx.scene.Scene$TargetWrapper::set (11 bytes)
Event: 113.999 Thread 0x000001edfc5d8560 nmethod 4005 0x000001ed807d1e10 code [0x000001ed807d1fc0, 0x000001ed807d2198]
Event: 114.014 Thread 0x000001edfc5d8560 4006       3       com.sun.javafx.tk.quantum.QuantumToolkit$$Lambda$82/0x000001ed90038000::run (8 bytes)
Event: 114.014 Thread 0x000001edfc5d8560 nmethod 4006 0x000001ed807d2210 code [0x000001ed807d2400, 0x000001ed807d2728]
Event: 114.030 Thread 0x000001edfc5d8560 4007   !   3       com.sun.javafx.tk.quantum.QuantumToolkit::pulse (152 bytes)
Event: 114.032 Thread 0x000001edfc5d8560 nmethod 4007 0x000001ed807d2910 code [0x000001ed807d2c00, 0x000001ed807d41a8]
Event: 114.104 Thread 0x000001edfc5d8560 4009   !   3       com.sun.javafx.application.PlatformImpl::isSupported (41 bytes)
Event: 115.102 Thread 0x000001edfc5d8560 nmethod 4009 0x000001ed807d4a10 code [0x000001ed807d4c00, 0x000001ed807d5038]
Event: 115.102 Thread 0x000001edfc5d8560 4010       1       com.sun.glass.ui.Screen::getX (5 bytes)
Event: 115.102 Thread 0x000001edfc5d8560 nmethod 4010 0x000001ed87cb9090 code [0x000001ed87cb9220, 0x000001ed87cb92f8]
Event: 115.102 Thread 0x000001edfc5d8560 4011       1       com.sun.glass.ui.Screen::getY (5 bytes)
Event: 115.102 Thread 0x000001edfc5d8560 nmethod 4011 0x000001ed87cb9390 code [0x000001ed87cb9520, 0x000001ed87cb95f8]
Event: 115.134 Thread 0x000001edfc5d8560 4012       1       com.sun.glass.ui.Screen::getPlatformX (5 bytes)
Event: 115.134 Thread 0x000001edfc5d8560 nmethod 4012 0x000001ed87cb9690 code [0x000001ed87cb9820, 0x000001ed87cb98f8]
Event: 115.134 Thread 0x000001edfc5d8560 4013       1       com.sun.glass.ui.Screen::getPlatformY (5 bytes)
Event: 115.135 Thread 0x000001edfc5d8560 nmethod 4013 0x000001ed87cb9990 code [0x000001ed87cb9b20, 0x000001ed87cb9bf8]
Event: 115.147 Thread 0x000001edfc5d8560 4014       1       javafx.scene.input.MouseEvent::getPickResult (5 bytes)
Event: 115.147 Thread 0x000001edfc5d8560 nmethod 4014 0x000001ed87cb9c90 code [0x000001ed87cb9e20, 0x000001ed87cb9ef8]

GC Heap History (4 events):
Event: 0.883 GC heap before
{Heap before GC invocations=0 (full 0):
 garbage-first heap   total 163840K, used 20480K [0x0000000760c00000, 0x0000000800000000)
  region size 2048K, 11 young (22528K), 0 survivors (0K)
 Metaspace       used 5258K, committed 5376K, reserved 1114112K
  class space    used 652K, committed 704K, reserved 1048576K
}
Event: 0.886 GC heap after
{Heap after GC invocations=1 (full 0):
 garbage-first heap   total 163840K, used 2687K [0x0000000760c00000, 0x0000000800000000)
  region size 2048K, 2 young (4096K), 2 survivors (4096K)
 Metaspace       used 5258K, committed 5376K, reserved 1114112K
  class space    used 652K, committed 704K, reserved 1048576K
}
Event: 1.928 GC heap before
{Heap before GC invocations=1 (full 0):
 garbage-first heap   total 163840K, used 39551K [0x0000000760c00000, 0x0000000800000000)
  region size 2048K, 20 young (40960K), 2 survivors (4096K)
 Metaspace       used 13663K, committed 13888K, reserved 1114112K
  class space    used 2001K, committed 2112K, reserved 1048576K
}
Event: 1.936 GC heap after
{Heap after GC invocations=2 (full 0):
 garbage-first heap   total 163840K, used 8731K [0x0000000760c00000, 0x0000000800000000)
  region size 2048K, 3 young (6144K), 3 survivors (6144K)
 Metaspace       used 13663K, committed 13888K, reserved 1114112K
  class space    used 2001K, committed 2112K, reserved 1048576K
}

Dll operation events (20 events):
Event: 0.528 Loaded shared library C:\Users\Asus\.openjfx\cache\17.0.6\api-ms-win-crt-locale-l1-1-0.dll
Event: 0.531 Loaded shared library C:\Users\Asus\.openjfx\cache\17.0.6\api-ms-win-crt-math-l1-1-0.dll
Event: 0.534 Loaded shared library C:\Users\Asus\.openjfx\cache\17.0.6\api-ms-win-crt-multibyte-l1-1-0.dll
Event: 0.538 Loaded shared library C:\Users\Asus\.openjfx\cache\17.0.6\api-ms-win-crt-private-l1-1-0.dll
Event: 0.541 Loaded shared library C:\Users\Asus\.openjfx\cache\17.0.6\api-ms-win-crt-process-l1-1-0.dll
Event: 0.545 Loaded shared library C:\Users\Asus\.openjfx\cache\17.0.6\api-ms-win-crt-runtime-l1-1-0.dll
Event: 0.549 Loaded shared library C:\Users\Asus\.openjfx\cache\17.0.6\api-ms-win-crt-stdio-l1-1-0.dll
Event: 0.552 Loaded shared library C:\Users\Asus\.openjfx\cache\17.0.6\api-ms-win-crt-string-l1-1-0.dll
Event: 0.556 Loaded shared library C:\Users\Asus\.openjfx\cache\17.0.6\api-ms-win-crt-time-l1-1-0.dll
Event: 0.559 Loaded shared library C:\Users\Asus\.openjfx\cache\17.0.6\api-ms-win-crt-utility-l1-1-0.dll
Event: 0.573 Loaded shared library C:\Users\Asus\.openjfx\cache\17.0.6\ucrtbase.dll
Event: 0.577 Loaded shared library C:\Users\Asus\.openjfx\cache\17.0.6\vcruntime140.dll
Event: 0.580 Loaded shared library C:\Users\Asus\.openjfx\cache\17.0.6\vcruntime140_1.dll
Event: 0.588 Loaded shared library C:\Users\Asus\.openjfx\cache\17.0.6\msvcp140.dll
Event: 0.591 Loaded shared library C:\Users\Asus\.openjfx\cache\17.0.6\msvcp140_1.dll
Event: 0.597 Loaded shared library C:\Users\Asus\.openjfx\cache\17.0.6\msvcp140_2.dll
Event: 0.647 Loaded shared library C:\Users\Asus\.openjfx\cache\17.0.6\prism_d3d.dll
Event: 0.707 Loaded shared library C:\Users\Asus\.openjfx\cache\17.0.6\glass.dll
Event: 0.860 Loaded shared library C:\Users\Asus\.jdks\corretto-17.0.16\bin\jimage.dll
Event: 1.149 Loaded shared library C:\Users\Asus\.openjfx\cache\17.0.6\javafx_font.dll

Deoptimization events (20 events):
Event: 89.369 Thread 0x000001edfd1214c0 DEOPT PACKING pc=0x000001ed87c9d260 sp=0x000000a78dcfeae0
Event: 89.369 Thread 0x000001edfd1214c0 DEOPT UNPACKING pc=0x000001ed875869a3 sp=0x000000a78dcfeb08 mode 2
Event: 89.376 Thread 0x000001edfc8ff720 Uncommon trap: trap_request=0xffffff45 fr.pc=0x000001ed87ca41fc relative=0x00000000000001fc
Event: 89.376 Thread 0x000001edfc8ff720 Uncommon trap: reason=unstable_if action=reinterpret pc=0x000001ed87ca41fc method=com.sun.javafx.tk.quantum.QuantumToolkit.postPulse()V @ 17 c2
Event: 89.376 Thread 0x000001edfc8ff720 DEOPT PACKING pc=0x000001ed87ca41fc sp=0x000000a78d4ff650
Event: 89.376 Thread 0x000001edfc8ff720 DEOPT UNPACKING pc=0x000001ed875869a3 sp=0x000000a78d4ff548 mode 2
Event: 113.417 Thread 0x000001edfcf08860 Uncommon trap: trap_request=0xffffffbe fr.pc=0x000001ed87cb3f04 relative=0x0000000000001164
Event: 113.417 Thread 0x000001edfcf08860 Uncommon trap: reason=profile_predicate action=maybe_recompile pc=0x000001ed87cb3f04 method=com.sun.prism.impl.ps.PaintHelper.setMultiGradient(Lcom/sun/prism/ps/Shader;Lcom/sun/prism/paint/Gradient;)V @ 24 c2
Event: 113.418 Thread 0x000001edfcf08860 DEOPT PACKING pc=0x000001ed87cb3f04 sp=0x000000a78d8fd7b0
Event: 113.418 Thread 0x000001edfcf08860 DEOPT UNPACKING pc=0x000001ed875869a3 sp=0x000000a78d8fd780 mode 2
Event: 113.918 Thread 0x000001edfcf08860 Uncommon trap: trap_request=0xffffffbe fr.pc=0x000001ed87cb3f04 relative=0x0000000000001164
Event: 113.918 Thread 0x000001edfcf08860 Uncommon trap: reason=profile_predicate action=maybe_recompile pc=0x000001ed87cb3f04 method=com.sun.prism.impl.ps.PaintHelper.setMultiGradient(Lcom/sun/prism/ps/Shader;Lcom/sun/prism/paint/Gradient;)V @ 24 c2
Event: 113.918 Thread 0x000001edfcf08860 DEOPT PACKING pc=0x000001ed87cb3f04 sp=0x000000a78d8fd7b0
Event: 113.918 Thread 0x000001edfcf08860 DEOPT UNPACKING pc=0x000001ed875869a3 sp=0x000000a78d8fd780 mode 2
Event: 115.134 Thread 0x000001edfcf08860 Uncommon trap: trap_request=0xffffffbe fr.pc=0x000001ed87cb3f04 relative=0x0000000000001164
Event: 115.134 Thread 0x000001edfcf08860 Uncommon trap: reason=profile_predicate action=maybe_recompile pc=0x000001ed87cb3f04 method=com.sun.prism.impl.ps.PaintHelper.setMultiGradient(Lcom/sun/prism/ps/Shader;Lcom/sun/prism/paint/Gradient;)V @ 24 c2
Event: 115.134 Thread 0x000001edfcf08860 DEOPT PACKING pc=0x000001ed87cb3f04 sp=0x000000a78d8fda30
Event: 115.413 Thread 0x000001edfd1214c0 Uncommon trap: trap_request=0xffffff5c fr.pc=0x000001ed87c873b8 relative=0x0000000000000fb8
Event: 115.413 Thread 0x000001edfd1214c0 Uncommon trap: reason=speculate_null_check action=make_not_entrant pc=0x000001ed87c873b8 method=java.util.concurrent.locks.AbstractQueuedSynchronizer.acquire(Ljava/util/concurrent/locks/AbstractQueuedSynchronizer$Node;IZZZJ)I @ 254 c2
Event: 115.413 Thread 0x000001edfd1214c0 DEOPT PACKING pc=0x000001ed87c873b8 sp=0x000000a78dcfe650

Classes loaded (20 events):
Event: 2.133 Loading class jdk/internal/reflect/UnsafeQualifiedStaticFieldAccessorImpl done
Event: 2.133 Loading class jdk/internal/reflect/UnsafeQualifiedStaticObjectFieldAccessorImpl done
Event: 2.157 Loading class java/nio/ShortBuffer
Event: 2.157 Loading class java/nio/ShortBuffer done
Event: 2.157 Loading class java/nio/FloatBuffer
Event: 2.157 Loading class java/nio/FloatBuffer done
Event: 2.157 Loading class java/nio/DoubleBuffer
Event: 2.157 Loading class java/nio/DoubleBuffer done
Event: 2.157 Loading class java/nio/DirectFloatBufferU
Event: 2.157 Loading class java/nio/DirectFloatBufferU done
Event: 2.162 Loading class jdk/internal/misc/ScopedMemoryAccess$Scope
Event: 2.162 Loading class jdk/internal/misc/ScopedMemoryAccess$Scope done
Event: 74.023 Loading class java/util/EnumMap$Values
Event: 74.023 Loading class java/util/EnumMap$Values done
Event: 74.023 Loading class java/util/EnumMap$ValueIterator
Event: 74.023 Loading class java/util/EnumMap$EnumMapIterator
Event: 74.023 Loading class java/util/EnumMap$EnumMapIterator done
Event: 74.023 Loading class java/util/EnumMap$ValueIterator done
Event: 74.387 Loading class java/io/UnsupportedEncodingException
Event: 74.387 Loading class java/io/UnsupportedEncodingException done

Classes unloaded (0 events):
No events

Classes redefined (0 events):
No events

Internal exceptions (20 events):
Event: 1.120 Thread 0x000001edfd1214c0 Exception <a 'java/lang/ClassNotFoundException'{0x000000076a269c70}: com/sun/glass/ui/win/themes_es> (0x000000076a269c70) 
thrown [s\src\hotspot\share\prims\jni.cpp, line 535]
Event: 1.120 Thread 0x000001edfd1214c0 Exception <a 'java/lang/ClassNotFoundException'{0x000000076a272530}: com/sun/glass/ui/win/themes_es_CO> (0x000000076a272530) 
thrown [s\src\hotspot\share\prims\jni.cpp, line 535]
Event: 1.232 Thread 0x000001edfd1214c0 Exception <a 'java/lang/NoSuchMethodError'{0x0000000769f729e8}: 'void java.lang.invoke.DirectMethodHandle$Holder.invokeStaticInit(java.lang.Object, java.lang.Object)'> (0x0000000769f729e8) 
thrown [s\src\hotspot\share\interpreter\linkResolver.cpp, line 759]
Event: 1.247 Thread 0x000001edfd1214c0 Exception <a 'java/lang/NoSuchMethodError'{0x0000000769ff47e0}: 'void java.lang.invoke.DirectMethodHandle$Holder.invokeSpecial(java.lang.Object, java.lang.Object, java.lang.Object, java.lang.Object, java.lang.Object)'> (0x0000000769ff47e0) 
thrown [s\src\hotspot\share\interpreter\linkResolver.cpp, line 759]
Event: 1.396 Thread 0x000001edfd1214c0 Implicit null exception at 0x000001ed87b4e556 to 0x000001ed87b4e6f4
Event: 1.430 Thread 0x000001edfd1214c0 Implicit null exception at 0x000001ed87b55122 to 0x000001ed87b56dec
Event: 1.437 Thread 0x000001edfd1214c0 Implicit null exception at 0x000001ed87af28d9 to 0x000001ed87af2af8
Event: 1.480 Thread 0x000001edfd1214c0 Implicit null exception at 0x000001ed87b3bfb0 to 0x000001ed87b3c73c
Event: 1.666 Thread 0x000001edfd1214c0 Exception <a 'java/lang/ClassNotFoundException'{0x0000000768d8e578}: com/sun/javafx/scene/control/skin/resources/controls> (0x0000000768d8e578) 
thrown [s\src\hotspot\share\prims\jni.cpp, line 535]
Event: 1.668 Thread 0x000001edfd1214c0 Exception <a 'java/lang/ClassNotFoundException'{0x0000000768d9c518}: com/sun/javafx/scene/control/skin/resources/controls_es> (0x0000000768d9c518) 
thrown [s\src\hotspot\share\prims\jni.cpp, line 535]
Event: 1.669 Thread 0x000001edfd1214c0 Exception <a 'java/lang/ClassNotFoundException'{0x0000000768daa178}: com/sun/javafx/scene/control/skin/resources/controls_es_CO> (0x0000000768daa178) 
thrown [s\src\hotspot\share\prims\jni.cpp, line 535]
Event: 1.733 Thread 0x000001edfd1214c0 Exception <a 'java/lang/NoSuchMethodError'{0x0000000768b69c78}: 'void java.lang.invoke.DirectMethodHandle$Holder.invokeSpecial(java.lang.Object, java.lang.Object, java.lang.Object, java.lang.Object, java.lang.Object, java.lang.Object)'> (0x0000000768b69c78) 
thrown [s\src\hotspot\share\interpreter\linkResolver.cpp, line 759]
Event: 1.789 Thread 0x000001edfd1214c0 Exception <a 'java/lang/NoSuchMethodError'{0x00000007686bfad0}: 'java.lang.Object java.lang.invoke.DirectMethodHandle$Holder.invokeInterface(java.lang.Object, java.lang.Object, java.lang.Object)'> (0x00000007686bfad0) 
thrown [s\src\hotspot\share\interpreter\linkResolver.cpp, line 759]
Event: 1.790 Thread 0x000001edfd1214c0 Exception <a 'java/lang/IncompatibleClassChangeError'{0x00000007686c3458}: Found class java.lang.Object, but interface was expected> (0x00000007686c3458) 
thrown [s\src\hotspot\share\interpreter\linkResolver.cpp, line 826]
Event: 2.057 Thread 0x000001edfd1214c0 Exception <a 'java/lang/NoSuchMethodError'{0x000000076a9294b0}: 'java.lang.Object java.lang.invoke.DirectMethodHandle$Holder.newInvokeSpecial(java.lang.Object, java.lang.Object, int)'> (0x000000076a9294b0) 
thrown [s\src\hotspot\share\interpreter\linkResolver.cpp, line 759]
Event: 2.099 Thread 0x000001edfcf08860 Exception <a 'java/lang/NoSuchMethodError'{0x000000076a78af00}: 'int java.lang.invoke.DirectMethodHandle$Holder.invokeStaticInit(java.lang.Object, java.lang.Object)'> (0x000000076a78af00) 
thrown [s\src\hotspot\share\interpreter\linkResolver.cpp, line 759]
Event: 2.100 Thread 0x000001edfd1214c0 Exception <a 'java/lang/NoSuchMethodError'{0x000000076a9ad598}: 'long java.lang.invoke.DirectMethodHandle$Holder.invokeStatic(java.lang.Object, java.lang.Object, java.lang.Object)'> (0x000000076a9ad598) 
thrown [s\src\hotspot\share\interpreter\linkResolver.cpp, line 759]
Event: 2.101 Thread 0x000001edfd1214c0 Exception <a 'java/lang/NoSuchMethodError'{0x000000076a9b0d40}: 'long java.lang.invoke.DirectMethodHandle$Holder.invokeStaticInit(java.lang.Object, java.lang.Object, java.lang.Object)'> (0x000000076a9b0d40) 
thrown [s\src\hotspot\share\interpreter\linkResolver.cpp, line 759]
Event: 2.106 Thread 0x000001edfd1214c0 Exception <a 'java/lang/NoSuchMethodError'{0x000000076a9c88c8}: 'java.lang.Object java.lang.invoke.DirectMethodHandle$Holder.newInvokeSpecial(java.lang.Object, java.lang.Object, long)'> (0x000000076a9c88c8) 
thrown [s\src\hotspot\share\interpreter\linkResolver.cpp, line 759]
Event: 2.106 Thread 0x000001edfd1214c0 Exception <a 'java/lang/NoSuchMethodError'{0x000000076a9cc438}: 'java.lang.Object java.lang.invoke.Invokers$Holder.linkToTargetMethod(java.lang.Object, long, java.lang.Object)'> (0x000000076a9cc438) 
thrown [s\src\hotspot\share\interpreter\linkResolver.cpp, line 759]

VM Operations (20 events):
Event: 74.156 Executing VM operation: Cleanup done
Event: 75.156 Executing VM operation: Cleanup
Event: 75.156 Executing VM operation: Cleanup done
Event: 82.160 Executing VM operation: Cleanup
Event: 82.160 Executing VM operation: Cleanup done
Event: 85.160 Executing VM operation: Cleanup
Event: 85.160 Executing VM operation: Cleanup done
Event: 86.161 Executing VM operation: Cleanup
Event: 86.161 Executing VM operation: Cleanup done
Event: 87.161 Executing VM operation: Cleanup
Event: 87.161 Executing VM operation: Cleanup done
Event: 90.162 Executing VM operation: Cleanup
Event: 90.162 Executing VM operation: Cleanup done
Event: 112.336 Executing VM operation: Cleanup
Event: 112.978 Executing VM operation: Cleanup done
Event: 113.982 Executing VM operation: Cleanup
Event: 113.982 Executing VM operation: Cleanup done
Event: 114.992 Executing VM operation: Cleanup
Event: 115.102 Executing VM operation: Cleanup done
Event: 116.105 Executing VM operation: Cleanup

Memory protections (0 events):
No events

Nmethod flushes (0 events):
No events

Events (20 events):
Event: 0.040 Thread 0x000001edebe79410 Thread added: 0x000001edfc5d8560
Event: 0.040 Thread 0x000001edebe79410 Thread added: 0x000001edfc5f8e80
Event: 0.067 Thread 0x000001edebe79410 Thread added: 0x000001edfc58c850
Event: 0.127 Thread 0x000001edfc5d8560 Thread added: 0x000001edfc8ff770
Event: 0.132 Thread 0x000001edfc5d8560 Thread added: 0x000001edfc8fd470
Event: 0.258 Thread 0x000001edebe79410 Thread added: 0x000001edfd00c6d0
Event: 0.258 Thread 0x000001edebe79410 Thread added: 0x000001edfcd2d5b0
Event: 0.635 Thread 0x000001edebe79410 Thread added: 0x000001edfcf08860
Event: 0.710 Thread 0x000001edebe79410 Thread added: 0x000001edfd10ffb0
Event: 0.714 Thread 0x000001edebe79410 Thread added: 0x000001edfd1214c0
Event: 0.788 Thread 0x000001edfc8fd470 Thread exited: 0x000001edfc8fd470
Event: 0.810 Thread 0x000001edfc8ff770 Thread exited: 0x000001edfc8ff770
Event: 0.816 Thread 0x000001edfc8ff720 Thread added: 0x000001edfc8ff720
Event: 0.828 Thread 0x000001edebe79410 Thread added: 0x000001edfd1e46e0
Event: 1.017 Thread 0x000001edfc5d8560 Thread added: 0x000001edfd9fb4b0
Event: 1.323 Thread 0x000001edfc5d8560 Thread added: 0x000001edfd1d25c0
Event: 1.761 Thread 0x000001edfd1214c0 Thread added: 0x000001edd822d260
Event: 2.126 Thread 0x000001edfcf08860 Thread added: 0x000001edd822d770
Event: 2.186 Thread 0x000001edfd1d25c0 Thread exited: 0x000001edfd1d25c0
Event: 2.448 Thread 0x000001edfd9fb4b0 Thread exited: 0x000001edfd9fb4b0


Dynamic libraries:
0x00007ff72b760000 - 0x00007ff72b76e000 	C:\Users\Asus\.jdks\corretto-17.0.16\bin\java.exe
0x00007ffc84520000 - 0x00007ffc84789000 	C:\WINDOWS\SYSTEM32\ntdll.dll
0x00007ffc83210000 - 0x00007ffc832d9000 	C:\WINDOWS\System32\KERNEL32.DLL
0x00007ffc81830000 - 0x00007ffc81c23000 	C:\WINDOWS\System32\KERNELBASE.dll
0x00007ffc81f00000 - 0x00007ffc8204b000 	C:\WINDOWS\System32\ucrtbase.dll
0x00007ffc6ebb0000 - 0x00007ffc6ebc7000 	C:\Users\Asus\.jdks\corretto-17.0.16\bin\jli.dll
0x00007ffc6e2f0000 - 0x00007ffc6e30b000 	C:\Users\Asus\.jdks\corretto-17.0.16\bin\VCRUNTIME140.dll
0x00007ffc833f0000 - 0x00007ffc835b4000 	C:\WINDOWS\System32\USER32.dll
0x00007ffc6f5c0000 - 0x00007ffc6f853000 	C:\WINDOWS\WinSxS\amd64_microsoft.windows.common-controls_6595b64144ccf1df_6.0.26100.5074_none_3e0d6f78e32fd63f\COMCTL32.dll
0x00007ffc820e0000 - 0x00007ffc82107000 	C:\WINDOWS\System32\win32u.dll
0x00007ffc838b0000 - 0x00007ffc83959000 	C:\WINDOWS\System32\msvcrt.dll
0x00007ffc82560000 - 0x00007ffc8258b000 	C:\WINDOWS\System32\GDI32.dll
0x00007ffc821c0000 - 0x00007ffc822ed000 	C:\WINDOWS\System32\gdi32full.dll
0x00007ffc82110000 - 0x00007ffc821b3000 	C:\WINDOWS\System32\msvcp_win.dll
0x00007ffc832e0000 - 0x00007ffc8330f000 	C:\WINDOWS\System32\IMM32.DLL
0x00007ffc759b0000 - 0x00007ffc759bc000 	C:\Users\Asus\.jdks\corretto-17.0.16\bin\vcruntime140_1.dll
0x00007ffc5abb0000 - 0x00007ffc5ac3d000 	C:\Users\Asus\.jdks\corretto-17.0.16\bin\msvcp140.dll
0x00007ffbf4d10000 - 0x00007ffbf597c000 	C:\Users\Asus\.jdks\corretto-17.0.16\bin\server\jvm.dll
0x00007ffc83330000 - 0x00007ffc833e4000 	C:\WINDOWS\System32\ADVAPI32.dll
0x00007ffc83960000 - 0x00007ffc83a06000 	C:\WINDOWS\System32\sechost.dll
0x00007ffc823f0000 - 0x00007ffc82508000 	C:\WINDOWS\System32\RPCRT4.dll
0x00007ffc836d0000 - 0x00007ffc83744000 	C:\WINDOWS\System32\WS2_32.dll
0x00007ffc81510000 - 0x00007ffc8156e000 	C:\WINDOWS\SYSTEM32\POWRPROF.dll
0x00007ffc7aaf0000 - 0x00007ffc7aafb000 	C:\WINDOWS\SYSTEM32\VERSION.dll
0x00007ffc79fc0000 - 0x00007ffc79ff5000 	C:\WINDOWS\SYSTEM32\WINMM.dll
0x00007ffc814f0000 - 0x00007ffc81504000 	C:\WINDOWS\SYSTEM32\UMPDC.dll
0x00007ffc80450000 - 0x00007ffc8046b000 	C:\WINDOWS\SYSTEM32\kernel.appcore.dll
0x00007ffc74e80000 - 0x00007ffc74e8a000 	C:\Users\Asus\.jdks\corretto-17.0.16\bin\jimage.dll
0x00007ffc7c340000 - 0x00007ffc7c582000 	C:\WINDOWS\SYSTEM32\DBGHELP.DLL
0x00007ffc84160000 - 0x00007ffc844db000 	C:\WINDOWS\System32\combase.dll
0x00007ffc82310000 - 0x00007ffc823e7000 	C:\WINDOWS\System32\OLEAUT32.dll
0x00007ffc6da60000 - 0x00007ffc6da9d000 	C:\WINDOWS\SYSTEM32\dbgcore.DLL
0x00007ffc81da0000 - 0x00007ffc81e39000 	C:\WINDOWS\System32\bcryptPrimitives.dll
0x00007ffc76af0000 - 0x00007ffc76afe000 	C:\Users\Asus\.jdks\corretto-17.0.16\bin\instrument.dll
0x00007ffc68240000 - 0x00007ffc68265000 	C:\Users\Asus\.jdks\corretto-17.0.16\bin\java.dll
0x00007ffc35ed0000 - 0x00007ffc35fa7000 	C:\Users\Asus\.jdks\corretto-17.0.16\bin\jsvml.dll
0x00007ffc83a10000 - 0x00007ffc8415d000 	C:\WINDOWS\System32\SHELL32.dll
0x00007ffc81c30000 - 0x00007ffc81d9c000 	C:\WINDOWS\System32\wintypes.dll
0x00007ffc7f2f0000 - 0x00007ffc7fb49000 	C:\WINDOWS\SYSTEM32\windows.storage.dll
0x00007ffc835d0000 - 0x00007ffc836c0000 	C:\WINDOWS\System32\SHCORE.dll
0x00007ffc82ab0000 - 0x00007ffc82b12000 	C:\WINDOWS\System32\shlwapi.dll
0x00007ffc815d0000 - 0x00007ffc815f9000 	C:\WINDOWS\SYSTEM32\profapi.dll
0x00007ffc6c1f0000 - 0x00007ffc6c209000 	C:\Users\Asus\.jdks\corretto-17.0.16\bin\net.dll
0x00007ffc75ee0000 - 0x00007ffc75fff000 	C:\WINDOWS\SYSTEM32\WINHTTP.dll
0x00007ffc809b0000 - 0x00007ffc80a1b000 	C:\WINDOWS\system32\mswsock.dll
0x00007ffc68a30000 - 0x00007ffc68a46000 	C:\Users\Asus\.jdks\corretto-17.0.16\bin\nio.dll
0x00007ffc65110000 - 0x00007ffc65128000 	C:\Users\Asus\.jdks\corretto-17.0.16\bin\zip.dll
0x00007ffc76ad0000 - 0x00007ffc76aea000 	C:\Program Files\JetBrains\IntelliJ IDEA 2024.2.0.1\bin\breakgen64.dll
0x000001edebd80000 - 0x000001edebd83000 	C:\Users\Asus\.openjfx\cache\17.0.6\api-ms-win-core-console-l1-1-0.dll
0x000001edebd90000 - 0x000001edebd93000 	C:\Users\Asus\.openjfx\cache\17.0.6\api-ms-win-core-console-l1-2-0.dll
0x000001edebda0000 - 0x000001edebda3000 	C:\Users\Asus\.openjfx\cache\17.0.6\api-ms-win-core-datetime-l1-1-0.dll
0x000001edebdb0000 - 0x000001edebdb3000 	C:\Users\Asus\.openjfx\cache\17.0.6\api-ms-win-core-debug-l1-1-0.dll
0x000001edebdc0000 - 0x000001edebdc3000 	C:\Users\Asus\.openjfx\cache\17.0.6\api-ms-win-core-errorhandling-l1-1-0.dll
0x000001edebdd0000 - 0x000001edebdd4000 	C:\Users\Asus\.openjfx\cache\17.0.6\api-ms-win-core-file-l1-1-0.dll
0x000001edebde0000 - 0x000001edebde3000 	C:\Users\Asus\.openjfx\cache\17.0.6\api-ms-win-core-file-l1-2-0.dll
0x000001edebdf0000 - 0x000001edebdf3000 	C:\Users\Asus\.openjfx\cache\17.0.6\api-ms-win-core-file-l2-1-0.dll
0x000001edebe00000 - 0x000001edebe03000 	C:\Users\Asus\.openjfx\cache\17.0.6\api-ms-win-core-handle-l1-1-0.dll
0x000001edebe10000 - 0x000001edebe13000 	C:\Users\Asus\.openjfx\cache\17.0.6\api-ms-win-core-heap-l1-1-0.dll
0x000001edebe20000 - 0x000001edebe23000 	C:\Users\Asus\.openjfx\cache\17.0.6\api-ms-win-core-interlocked-l1-1-0.dll
0x000001edfd350000 - 0x000001edfd353000 	C:\Users\Asus\.openjfx\cache\17.0.6\api-ms-win-core-libraryloader-l1-1-0.dll
0x000001edfd360000 - 0x000001edfd363000 	C:\Users\Asus\.openjfx\cache\17.0.6\api-ms-win-core-localization-l1-2-0.dll
0x000001edfd370000 - 0x000001edfd373000 	C:\Users\Asus\.openjfx\cache\17.0.6\api-ms-win-core-memory-l1-1-0.dll
0x000001edfd380000 - 0x000001edfd383000 	C:\Users\Asus\.openjfx\cache\17.0.6\api-ms-win-core-namedpipe-l1-1-0.dll
0x000001edfd390000 - 0x000001edfd393000 	C:\Users\Asus\.openjfx\cache\17.0.6\api-ms-win-core-processenvironment-l1-1-0.dll
0x000001edfd3a0000 - 0x000001edfd3a3000 	C:\Users\Asus\.openjfx\cache\17.0.6\api-ms-win-core-processthreads-l1-1-0.dll
0x000001edfd3b0000 - 0x000001edfd3b3000 	C:\Users\Asus\.openjfx\cache\17.0.6\api-ms-win-core-processthreads-l1-1-1.dll
0x000001edfd3c0000 - 0x000001edfd3c3000 	C:\Users\Asus\.openjfx\cache\17.0.6\api-ms-win-core-profile-l1-1-0.dll
0x000001edfd3d0000 - 0x000001edfd3d3000 	C:\Users\Asus\.openjfx\cache\17.0.6\api-ms-win-core-rtlsupport-l1-1-0.dll
0x000001edfd3e0000 - 0x000001edfd3e3000 	C:\Users\Asus\.openjfx\cache\17.0.6\api-ms-win-core-string-l1-1-0.dll
0x000001edfd3f0000 - 0x000001edfd3f3000 	C:\Users\Asus\.openjfx\cache\17.0.6\api-ms-win-core-synch-l1-1-0.dll
0x000001edfd400000 - 0x000001edfd403000 	C:\Users\Asus\.openjfx\cache\17.0.6\api-ms-win-core-synch-l1-2-0.dll
0x000001edfd410000 - 0x000001edfd413000 	C:\Users\Asus\.openjfx\cache\17.0.6\api-ms-win-core-sysinfo-l1-1-0.dll
0x000001edfd420000 - 0x000001edfd423000 	C:\Users\Asus\.openjfx\cache\17.0.6\api-ms-win-core-timezone-l1-1-0.dll
0x000001edfd430000 - 0x000001edfd433000 	C:\Users\Asus\.openjfx\cache\17.0.6\api-ms-win-core-util-l1-1-0.dll
0x000001edfd440000 - 0x000001edfd443000 	C:\Users\Asus\.openjfx\cache\17.0.6\api-ms-win-crt-conio-l1-1-0.dll
0x000001edfd450000 - 0x000001edfd454000 	C:\Users\Asus\.openjfx\cache\17.0.6\api-ms-win-crt-convert-l1-1-0.dll
0x000001edfd460000 - 0x000001edfd463000 	C:\Users\Asus\.openjfx\cache\17.0.6\api-ms-win-crt-environment-l1-1-0.dll
0x000001edfd470000 - 0x000001edfd473000 	C:\Users\Asus\.openjfx\cache\17.0.6\api-ms-win-crt-filesystem-l1-1-0.dll
0x000001edfd480000 - 0x000001edfd483000 	C:\Users\Asus\.openjfx\cache\17.0.6\api-ms-win-crt-heap-l1-1-0.dll
0x000001edfd490000 - 0x000001edfd493000 	C:\Users\Asus\.openjfx\cache\17.0.6\api-ms-win-crt-locale-l1-1-0.dll
0x000001edfd4a0000 - 0x000001edfd4a5000 	C:\Users\Asus\.openjfx\cache\17.0.6\api-ms-win-crt-math-l1-1-0.dll
0x000001edfd4b0000 - 0x000001edfd4b5000 	C:\Users\Asus\.openjfx\cache\17.0.6\api-ms-win-crt-multibyte-l1-1-0.dll
0x000001edfd4c0000 - 0x000001edfd4d0000 	C:\Users\Asus\.openjfx\cache\17.0.6\api-ms-win-crt-private-l1-1-0.dll
0x000001edfd4d0000 - 0x000001edfd4d3000 	C:\Users\Asus\.openjfx\cache\17.0.6\api-ms-win-crt-process-l1-1-0.dll
0x000001edfd4e0000 - 0x000001edfd4e4000 	C:\Users\Asus\.openjfx\cache\17.0.6\api-ms-win-crt-runtime-l1-1-0.dll
0x000001edfd4f0000 - 0x000001edfd4f4000 	C:\Users\Asus\.openjfx\cache\17.0.6\api-ms-win-crt-stdio-l1-1-0.dll
0x000001edfd500000 - 0x000001edfd504000 	C:\Users\Asus\.openjfx\cache\17.0.6\api-ms-win-crt-string-l1-1-0.dll
0x000001edfd510000 - 0x000001edfd513000 	C:\Users\Asus\.openjfx\cache\17.0.6\api-ms-win-crt-time-l1-1-0.dll
0x000001edfd520000 - 0x000001edfd523000 	C:\Users\Asus\.openjfx\cache\17.0.6\api-ms-win-crt-utility-l1-1-0.dll
0x00007ffc4f330000 - 0x00007ffc4f42c000 	C:\Users\Asus\.openjfx\cache\17.0.6\ucrtbase.dll
0x00007ffc6e020000 - 0x00007ffc6e03a000 	C:\Users\Asus\.openjfx\cache\17.0.6\vcruntime140.dll
0x00007ffc707d0000 - 0x00007ffc707dc000 	C:\Users\Asus\.openjfx\cache\17.0.6\vcruntime140_1.dll
0x00007ffc68930000 - 0x00007ffc689bd000 	C:\Users\Asus\.openjfx\cache\17.0.6\msvcp140.dll
0x00007ffc6eba0000 - 0x00007ffc6eba9000 	C:\Users\Asus\.openjfx\cache\17.0.6\msvcp140_1.dll
0x00007ffc63a40000 - 0x00007ffc63a6f000 	C:\Users\Asus\.openjfx\cache\17.0.6\msvcp140_2.dll
0x00007ffc639b0000 - 0x00007ffc639da000 	C:\Users\Asus\.openjfx\cache\17.0.6\prism_d3d.dll
0x00007ffc68d30000 - 0x00007ffc68ee1000 	C:\WINDOWS\system32\d3d9.dll
0x00007ffc7ec70000 - 0x00007ffc7ec9b000 	C:\WINDOWS\SYSTEM32\dwmapi.dll
0x00007ffc7ec20000 - 0x00007ffc7ec64000 	C:\WINDOWS\SYSTEM32\dxcore.dll
0x00007ffc7e980000 - 0x00007ffc7ea28000 	C:\WINDOWS\system32\uxtheme.dll
0x00007ffc79520000 - 0x00007ffc796d8000 	C:\WINDOWS\System32\DriverStore\FileRepository\u0379124.inf_amd64_8773bc065cfe07b7\B377477\aticfx64.dll
0x00007ffc62210000 - 0x00007ffc62244000 	C:\WINDOWS\System32\DriverStore\FileRepository\u0379124.inf_amd64_8773bc065cfe07b7\B377477\atiu9p64.dll
0x00007ffbf1bb0000 - 0x00007ffbf2904000 	C:\WINDOWS\System32\DriverStore\FileRepository\u0379124.inf_amd64_8773bc065cfe07b7\B377477\atiumd64.dll
0x00007ffc82fb0000 - 0x00007ffc83148000 	C:\WINDOWS\System32\ole32.dll
0x0000000069df0000 - 0x000000006ac63000 	C:\WINDOWS\System32\DriverStore\FileRepository\u0379124.inf_amd64_8773bc065cfe07b7\B377477\atiumd6a.dll
0x00007ffc82b20000 - 0x00007ffc82fa7000 	C:\WINDOWS\System32\SETUPAPI.dll
0x00007ffc75d70000 - 0x00007ffc75da0000 	C:\WINDOWS\SYSTEM32\amdihk64.dll
0x00007ffc7ab10000 - 0x00007ffc7ab70000 	C:\WINDOWS\SYSTEM32\directxdatabasehelper.dll
0x00007ffc61f00000 - 0x00007ffc61f42000 	C:\Users\Asus\.openjfx\cache\17.0.6\glass.dll
0x00007ffc837b0000 - 0x00007ffc838a1000 	C:\WINDOWS\System32\COMDLG32.dll
0x00007ffc82620000 - 0x00007ffc82778000 	C:\WINDOWS\System32\MSCTF.dll
0x00007ffc6e000000 - 0x00007ffc6e014000 	C:\Users\Asus\.openjfx\cache\17.0.6\javafx_font.dll
0x00007ffc7d220000 - 0x00007ffc7d487000 	C:\WINDOWS\SYSTEM32\dwrite.dll
0x00007ffc83150000 - 0x00007ffc83201000 	C:\WINDOWS\System32\clbcatq.dll
0x00007ffc7cfe0000 - 0x00007ffc7d20f000 	C:\WINDOWS\SYSTEM32\WindowsCodecs.dll
0x00007ffc69e40000 - 0x00007ffc69e9a000 	C:\WINDOWS\system32\dataexchange.dll
0x00007ffc75490000 - 0x00007ffc756c9000 	C:\WINDOWS\system32\twinapi.appcore.dll
0x00007ffc638b0000 - 0x00007ffc638dc000 	C:\Program Files\Common Files\Microsoft Shared\Ink\rtscom.dll
0x00007ffc75770000 - 0x00007ffc758b9000 	C:\WINDOWS\SYSTEM32\textinputframework.dll
0x00007ffc7e3b0000 - 0x00007ffc7e4d5000 	C:\WINDOWS\SYSTEM32\CoreMessaging.dll
0x00007ffc7a0e0000 - 0x00007ffc7a3c3000 	C:\WINDOWS\SYSTEM32\CoreUIComponents.dll
0x00007ffc80be0000 - 0x00007ffc80bec000 	C:\WINDOWS\SYSTEM32\CRYPTBASE.DLL
0x00007ffc7d490000 - 0x00007ffc7dacb000 	C:\WINDOWS\SYSTEM32\d2d1.dll
0x00007ffc7dad0000 - 0x00007ffc7dd30000 	C:\WINDOWS\SYSTEM32\d3d11.dll
0x00007ffc7eaa0000 - 0x00007ffc7ebda000 	C:\WINDOWS\SYSTEM32\dxgi.dll
0x00007ffc56390000 - 0x00007ffc5693d000 	C:\WINDOWS\SYSTEM32\D3D10Warp.dll
0x00007ffc81240000 - 0x00007ffc81297000 	C:\WINDOWS\SYSTEM32\cfgmgr32.dll

dbghelp: loaded successfully - version: 4.0.5 - missing functions: none
symbol engine: initialized successfully - sym options: 0x614 - pdb path: .;C:\Users\Asus\.jdks\corretto-17.0.16\bin;C:\WINDOWS\SYSTEM32;C:\WINDOWS\WinSxS\amd64_microsoft.windows.common-controls_6595b64144ccf1df_6.0.26100.5074_none_3e0d6f78e32fd63f;C:\Users\Asus\.jdks\corretto-17.0.16\bin\server;C:\Program Files\JetBrains\IntelliJ IDEA 2024.2.0.1\bin;C:\Users\Asus\.openjfx\cache\17.0.6;C:\WINDOWS\System32\DriverStore\FileRepository\u0379124.inf_amd64_8773bc065cfe07b7\B377477;C:\Program Files\Common Files\Microsoft Shared\Ink

VM Arguments:
jvm_args: -javaagent:C:\Program Files\JetBrains\IntelliJ IDEA 2024.2.0.1\lib\idea_rt.jar=59154:C:\Program Files\JetBrains\IntelliJ IDEA 2024.2.0.1\bin -Dfile.encoding=UTF-8 --module-path=C:\Users\Asus\.m2\repository\org\openjfx\javafx-graphics\17.0.6\javafx-graphics-17.0.6-win.jar;C:\Users\Asus\IdeaProjects\GameSudoku\target\classes;C:\Users\Asus\.m2\repository\org\openjfx\javafx-fxml\17.0.6\javafx-fxml-17.0.6-win.jar;C:\Users\Asus\.m2\repository\org\openjfx\javafx-controls\17.0.6\javafx-controls-17.0.6-win.jar;C:\Users\Asus\.m2\repository\org\openjfx\javafx-base\17.0.6\javafx-base-17.0.6-win.jar -Djdk.module.main=com.example.gamesudoku 
java_command: com.example.gamesudoku/com.example.gamesudoku.Main
java_class_path (initial): C:\Users\Asus\.m2\repository\org\openjfx\javafx-controls\17.0.6\javafx-controls-17.0.6.jar;C:\Users\Asus\.m2\repository\org\openjfx\javafx-graphics\17.0.6\javafx-graphics-17.0.6.jar;C:\Users\Asus\.m2\repository\org\openjfx\javafx-base\17.0.6\javafx-base-17.0.6.jar;C:\Users\Asus\.m2\repository\org\openjfx\javafx-fxml\17.0.6\javafx-fxml-17.0.6.jar
Launcher Type: SUN_STANDARD

[Global flags]
     intx CICompilerCount                          = 4                                         {product} {ergonomic}
     uint ConcGCThreads                            = 2                                         {product} {ergonomic}
     uint G1ConcRefinementThreads                  = 8                                         {product} {ergonomic}
   size_t G1HeapRegionSize                         = 2097152                                   {product} {ergonomic}
    uintx GCDrainStackTargetSize                   = 64                                        {product} {ergonomic}
   size_t InitialHeapSize                          = 167772160                                 {product} {ergonomic}
   size_t MarkStackSize                            = 4194304                                   {product} {ergonomic}
   size_t MaxHeapSize                              = 2671771648                                {product} {ergonomic}
   size_t MaxNewSize                               = 1602224128                                {product} {ergonomic}
   size_t MinHeapDeltaBytes                        = 2097152                                   {product} {ergonomic}
   size_t MinHeapSize                              = 8388608                                   {product} {ergonomic}
    uintx NonNMethodCodeHeapSize                   = 5839372                                {pd product} {ergonomic}
    uintx NonProfiledCodeHeapSize                  = 122909434                              {pd product} {ergonomic}
    uintx ProfiledCodeHeapSize                     = 122909434                              {pd product} {ergonomic}
    uintx ReservedCodeCacheSize                    = 251658240                              {pd product} {ergonomic}
     bool SegmentedCodeCache                       = true                                      {product} {ergonomic}
   size_t SoftMaxHeapSize                          = 2671771648                             {manageable} {ergonomic}
     bool UseCompressedClassPointers               = true                           {product lp64_product} {ergonomic}
     bool UseCompressedOops                        = true                           {product lp64_product} {ergonomic}
     bool UseG1GC                                  = true                                      {product} {ergonomic}
     bool UseLargePagesIndividualAllocation        = false                                  {pd product} {ergonomic}

Logging:
Log output configuration:
 #0: stdout all=warning uptime,level,tags
 #1: stderr all=off uptime,level,tags

Environment Variables:
PATH=C:\WINDOWS\system32;C:\WINDOWS;C:\WINDOWS\System32\Wbem;C:\WINDOWS\System32\WindowsPowerShell\v1.0\;C:\WINDOWS\System32\OpenSSH\;C:\Program Files\Docker\Docker\resources\bin;C:\Users\Asus\AppData\Local\Microsoft\WindowsApps;
USERNAME=Asus
OS=Windows_NT
PROCESSOR_IDENTIFIER=AMD64 Family 23 Model 24 Stepping 1, AuthenticAMD
TMP=C:\Users\Asus\AppData\Local\Temp
TEMP=C:\Users\Asus\AppData\Local\Temp



Periodic native trim disabled


---------------  S Y S T E M  ---------------

OS:
 Windows 11 , 64 bit Build 26100 (10.0.26100.5074)
OS uptime: 33 days 22:43 hours
Hyper-V role detected

CPU: total 8 (initial active 8) (8 cores per cpu, 2 threads per core) family 23 model 24 stepping 1 microcode 0x8108109, cx8, cmov, fxsr, ht, mmx, 3dnowpref, sse, sse2, sse3, ssse3, sse4a, sse4.1, sse4.2, popcnt, lzcnt, tsc, tscinvbit, avx, avx2, aes, clmul, bmi1, bmi2, adx, sha, fma, vzeroupper, clflush, clflushopt, hv
Processor Information for all 8 processors :
  Max Mhz: 2100, Current Mhz: 2100, Mhz Limit: 2100

Memory: 4k page, system-wide physical 10187M (2244M free)
TotalPageFile size 12235M (AvailPageFile size 4M)
current process WorkingSet (physical memory assigned to process): 166M, peak: 173M
current process commit charge ("private bytes"): 330M, peak: 337M

vm_info: OpenJDK 64-Bit Server VM (17.0.16+8-LTS) for windows-amd64 JRE (17.0.16+8-LTS), built on Jul  9 2025 19:25:12 by "Administrator" with MS VC++ 16.10 / 16.11 (VS2019)

END.
