#
# There is insufficient memory for the Java Runtime Environment to continue.
# Native memory allocation (mmap) failed to map 167772160 bytes. Error detail: G1 virtual space
# Possible reasons:
#   The system is out of physical RAM or swap space
#   This process is running with CompressedOops enabled, and the Java Heap may be blocking the growth of the native heap
# Possible solutions:
#   Reduce memory load on the system
#   Increase physical memory or swap space
#   Check if swap backing store is full
#   Decrease Java heap size (-Xmx/-Xms)
#   Decrease number of Java threads
#   Decrease Java thread stack sizes (-Xss)
#   Set larger code cache with -XX:ReservedCodeCacheSize=
#   JVM is running with Zero Based Compressed Oops mode in which the Java heap is
#     placed in the first 32GB address space. The Java Heap base address is the
#     maximum limit for the native heap growth. Please use -XX:HeapBaseMinAddress
#     to set the Java Heap base and to place the Java Heap above 32GB virtual address.
# This output file may be truncated or incomplete.
#
#  Out of Memory Error (os_windows.cpp:3618), pid=1228, tid=2312
#
# JRE version:  (17.0.16+8) (build )
# Java VM: OpenJDK 64-Bit Server VM (17.0.16+8-LTS, mixed mode, sharing, tiered, compressed oops, compressed class ptrs, g1 gc, windows-amd64)
# No core dump will be written. Minidumps are not enabled by default on client versions of Windows
#

---------------  S U M M A R Y ------------

Command Line: -javaagent:C:\Program Files\JetBrains\IntelliJ IDEA 2024.2.0.1\lib\idea_rt.jar=49849:C:\Program Files\JetBrains\IntelliJ IDEA 2024.2.0.1\bin -Dfile.encoding=UTF-8 --module-path=C:\Users\Asus\.m2\repository\org\openjfx\javafx-graphics\17.0.6\javafx-graphics-17.0.6-win.jar;C:\Users\Asus\IdeaProjects\GameSudoku\target\classes;C:\Users\Asus\.m2\repository\org\openjfx\javafx-fxml\17.0.6\javafx-fxml-17.0.6-win.jar;C:\Users\Asus\.m2\repository\org\openjfx\javafx-controls\17.0.6\javafx-controls-17.0.6-win.jar;C:\Users\Asus\.m2\repository\org\openjfx\javafx-base\17.0.6\javafx-base-17.0.6-win.jar -Djdk.module.main=com.example.gamesudoku com.example.gamesudoku/com.example.gamesudoku.Main

Host: AMD Ryzen 5 3500U with Radeon Vega Mobile Gfx  , 8 cores, 9G,  Windows 11 , 64 bit Build 26100 (10.0.26100.5074)
Time: Wed Oct  8 22:02:44 2025 Hora est. Pacífico, Sudamérica elapsed time: 1.075595 seconds (0d 0h 0m 1s)

---------------  T H R E A D  ---------------

Current thread (0x0000029547dd40b0):  JavaThread "Unknown thread" [_thread_in_vm, id=2312, stack(0x000000c6eb200000,0x000000c6eb300000)]

Stack: [0x000000c6eb200000,0x000000c6eb300000]
Native frames: (J=compiled Java code, j=interpreted, Vv=VM code, C=native code)
V  [jvm.dll+0x681329]
V  [jvm.dll+0x838dda]
V  [jvm.dll+0x83a89e]
V  [jvm.dll+0x83af03]
V  [jvm.dll+0x2484af]
V  [jvm.dll+0x67e059]
V  [jvm.dll+0x672b2a]
V  [jvm.dll+0x30849b]
V  [jvm.dll+0x30f986]
V  [jvm.dll+0x35fcfe]
V  [jvm.dll+0x35ff3f]
V  [jvm.dll+0x2df44c]
V  [jvm.dll+0x2e03a4]
V  [jvm.dll+0x80a5cb]
V  [jvm.dll+0x36da71]
V  [jvm.dll+0x7e90b5]
V  [jvm.dll+0x3f175e]
V  [jvm.dll+0x3f32e1]
C  [jli.dll+0x52ab]
C  [ucrtbase.dll+0x37b0]
C  [KERNEL32.DLL+0x2e8d7]
C  [ntdll.dll+0x8d9c]


---------------  P R O C E S S  ---------------

Threads class SMR info:
_java_thread_list=0x00007ffbf5848f18, length=0, elements={
}

Java Threads: ( => current thread )

Other Threads:
  0x0000029547e22ec0 GCTaskThread "GC Thread#0" [stack: 0x000000c6eb300000,0x000000c6eb400000] [id=18264]
  0x0000029547e2ed60 ConcurrentGCThread "G1 Main Marker" [stack: 0x000000c6eb400000,0x000000c6eb500000] [id=11172]
  0x0000029547e30450 ConcurrentGCThread "G1 Conc#0" [stack: 0x000000c6eb500000,0x000000c6eb600000] [id=1008]

[error occurred during error reporting (printing all threads), id 0xc0000005, EXCEPTION_ACCESS_VIOLATION (0xc0000005) at pc=0x00007ffbf4fffb87]

VM state: not at safepoint (not fully initialized)

VM Mutex/Monitor currently owned by a thread:  ([mutex/lock_event])
[0x0000029547dcf130] Heap_lock - owner thread: 0x0000029547dd40b0

Heap address: 0x0000000760c00000, size: 2548 MB, Compressed Oops mode: Zero based, Oop shift amount: 3

CDS archive(s) mapped at: [0x0000000000000000-0x0000000000000000-0x0000000000000000), size 0, SharedBaseAddress: 0x0000000800000000, ArchiveRelocationMode: 1.
Narrow klass base: 0x0000000000000000, Narrow klass shift: 0, Narrow klass range: 0x0

GC Precious Log:
<Empty>

Heap:
 garbage-first heap   total 0K, used 0K [0x0000000760c00000, 0x0000000800000000)
  region size 2048K, 0 young (0K), 0 survivors (0K)

[error occurred during error reporting (printing heap information), id 0xc0000005, EXCEPTION_ACCESS_VIOLATION (0xc0000005) at pc=0x00007ffbf53ea529]

GC Heap History (0 events):
No events

Dll operation events (1 events):
Event: 0.015 Loaded shared library C:\Users\Asus\.jdks\corretto-17.0.16\bin\java.dll

Deoptimization events (0 events):
No events

Classes loaded (0 events):
No events

Classes unloaded (0 events):
No events

Classes redefined (0 events):
No events

Internal exceptions (0 events):
No events

VM Operations (0 events):
No events

Memory protections (0 events):
No events

Nmethod flushes (0 events):
No events

Events (0 events):
No events


Dynamic libraries:
0x00007ff72b760000 - 0x00007ff72b76e000 	C:\Users\Asus\.jdks\corretto-17.0.16\bin\java.exe
0x00007ffc84520000 - 0x00007ffc84789000 	C:\WINDOWS\SYSTEM32\ntdll.dll
0x00007ffc83210000 - 0x00007ffc832d9000 	C:\WINDOWS\System32\KERNEL32.DLL
0x00007ffc81830000 - 0x00007ffc81c23000 	C:\WINDOWS\System32\KERNELBASE.dll
0x00007ffc81f00000 - 0x00007ffc8204b000 	C:\WINDOWS\System32\ucrtbase.dll
0x00007ffc6ebb0000 - 0x00007ffc6ebc7000 	C:\Users\Asus\.jdks\corretto-17.0.16\bin\jli.dll
0x00007ffc6e2f0000 - 0x00007ffc6e30b000 	C:\Users\Asus\.jdks\corretto-17.0.16\bin\VCRUNTIME140.dll
0x00007ffc833f0000 - 0x00007ffc835b4000 	C:\WINDOWS\System32\USER32.dll
0x00007ffc820e0000 - 0x00007ffc82107000 	C:\WINDOWS\System32\win32u.dll
0x00007ffc6f5c0000 - 0x00007ffc6f853000 	C:\WINDOWS\WinSxS\amd64_microsoft.windows.common-controls_6595b64144ccf1df_6.0.26100.5074_none_3e0d6f78e32fd63f\COMCTL32.dll
0x00007ffc82560000 - 0x00007ffc8258b000 	C:\WINDOWS\System32\GDI32.dll
0x00007ffc838b0000 - 0x00007ffc83959000 	C:\WINDOWS\System32\msvcrt.dll
0x00007ffc821c0000 - 0x00007ffc822ed000 	C:\WINDOWS\System32\gdi32full.dll
0x00007ffc82110000 - 0x00007ffc821b3000 	C:\WINDOWS\System32\msvcp_win.dll
0x00007ffc832e0000 - 0x00007ffc8330f000 	C:\WINDOWS\System32\IMM32.DLL
0x00007ffc759b0000 - 0x00007ffc759bc000 	C:\Users\Asus\.jdks\corretto-17.0.16\bin\vcruntime140_1.dll
0x00007ffc5abb0000 - 0x00007ffc5ac3d000 	C:\Users\Asus\.jdks\corretto-17.0.16\bin\msvcp140.dll
0x00007ffbf4d10000 - 0x00007ffbf597c000 	C:\Users\Asus\.jdks\corretto-17.0.16\bin\server\jvm.dll
0x00007ffc83330000 - 0x00007ffc833e4000 	C:\WINDOWS\System32\ADVAPI32.dll
0x00007ffc83960000 - 0x00007ffc83a06000 	C:\WINDOWS\System32\sechost.dll
0x00007ffc823f0000 - 0x00007ffc82508000 	C:\WINDOWS\System32\RPCRT4.dll
0x00007ffc836d0000 - 0x00007ffc83744000 	C:\WINDOWS\System32\WS2_32.dll
0x00007ffc81510000 - 0x00007ffc8156e000 	C:\WINDOWS\SYSTEM32\POWRPROF.dll
0x00007ffc79fc0000 - 0x00007ffc79ff5000 	C:\WINDOWS\SYSTEM32\WINMM.dll
0x00007ffc7aaf0000 - 0x00007ffc7aafb000 	C:\WINDOWS\SYSTEM32\VERSION.dll
0x00007ffc814f0000 - 0x00007ffc81504000 	C:\WINDOWS\SYSTEM32\UMPDC.dll
0x00007ffc80450000 - 0x00007ffc8046b000 	C:\WINDOWS\SYSTEM32\kernel.appcore.dll
0x00007ffc74e80000 - 0x00007ffc74e8a000 	C:\Users\Asus\.jdks\corretto-17.0.16\bin\jimage.dll
0x00007ffc7c340000 - 0x00007ffc7c582000 	C:\WINDOWS\SYSTEM32\DBGHELP.DLL
0x00007ffc84160000 - 0x00007ffc844db000 	C:\WINDOWS\System32\combase.dll
0x00007ffc82310000 - 0x00007ffc823e7000 	C:\WINDOWS\System32\OLEAUT32.dll
0x00007ffc6da60000 - 0x00007ffc6da9d000 	C:\WINDOWS\SYSTEM32\dbgcore.DLL
0x00007ffc81da0000 - 0x00007ffc81e39000 	C:\WINDOWS\System32\bcryptPrimitives.dll
0x00007ffc6eba0000 - 0x00007ffc6ebae000 	C:\Users\Asus\.jdks\corretto-17.0.16\bin\instrument.dll
0x00007ffc68240000 - 0x00007ffc68265000 	C:\Users\Asus\.jdks\corretto-17.0.16\bin\java.dll

dbghelp: loaded successfully - version: 4.0.5 - missing functions: none
symbol engine: initialized successfully - sym options: 0x614 - pdb path: .;C:\Users\Asus\.jdks\corretto-17.0.16\bin;C:\WINDOWS\SYSTEM32;C:\WINDOWS\WinSxS\amd64_microsoft.windows.common-controls_6595b64144ccf1df_6.0.26100.5074_none_3e0d6f78e32fd63f;C:\Users\Asus\.jdks\corretto-17.0.16\bin\server

VM Arguments:
jvm_args: -javaagent:C:\Program Files\JetBrains\IntelliJ IDEA 2024.2.0.1\lib\idea_rt.jar=49849:C:\Program Files\JetBrains\IntelliJ IDEA 2024.2.0.1\bin -Dfile.encoding=UTF-8 --module-path=C:\Users\Asus\.m2\repository\org\openjfx\javafx-graphics\17.0.6\javafx-graphics-17.0.6-win.jar;C:\Users\Asus\IdeaProjects\GameSudoku\target\classes;C:\Users\Asus\.m2\repository\org\openjfx\javafx-fxml\17.0.6\javafx-fxml-17.0.6-win.jar;C:\Users\Asus\.m2\repository\org\openjfx\javafx-controls\17.0.6\javafx-controls-17.0.6-win.jar;C:\Users\Asus\.m2\repository\org\openjfx\javafx-base\17.0.6\javafx-base-17.0.6-win.jar -Djdk.module.main=com.example.gamesudoku 
java_command: com.example.gamesudoku/com.example.gamesudoku.Main
java_class_path (initial): C:\Users\Asus\.m2\repository\org\openjfx\javafx-controls\17.0.6\javafx-controls-17.0.6.jar;C:\Users\Asus\.m2\repository\org\openjfx\javafx-graphics\17.0.6\javafx-graphics-17.0.6.jar;C:\Users\Asus\.m2\repository\org\openjfx\javafx-base\17.0.6\javafx-base-17.0.6.jar;C:\Users\Asus\.m2\repository\org\openjfx\javafx-fxml\17.0.6\javafx-fxml-17.0.6.jar
Launcher Type: SUN_STANDARD

[Global flags]
     intx CICompilerCount                          = 4                                         {product} {ergonomic}
     uint ConcGCThreads                            = 2                                         {product} {ergonomic}
     uint G1ConcRefinementThreads                  = 8                                         {product} {ergonomic}
   size_t G1HeapRegionSize                         = 2097152                                   {product} {ergonomic}
    uintx GCDrainStackTargetSize                   = 64                                        {product} {ergonomic}
   size_t InitialHeapSize                          = 167772160                                 {product} {ergonomic}
   size_t MarkStackSize                            = 4194304                                   {product} {ergonomic}
   size_t MaxHeapSize                              = 2671771648                                {product} {ergonomic}
   size_t MinHeapDeltaBytes                        = 2097152                                   {product} {ergonomic}
   size_t MinHeapSize                              = 8388608                                   {product} {ergonomic}
    uintx NonNMethodCodeHeapSize                   = 5839372                                {pd product} {ergonomic}
    uintx NonProfiledCodeHeapSize                  = 122909434                              {pd product} {ergonomic}
    uintx ProfiledCodeHeapSize                     = 122909434                              {pd product} {ergonomic}
    uintx ReservedCodeCacheSize                    = 251658240                              {pd product} {ergonomic}
     bool SegmentedCodeCache                       = true                                      {product} {ergonomic}
   size_t SoftMaxHeapSize                          = 2671771648                             {manageable} {ergonomic}
     bool UseCompressedClassPointers               = true                           {product lp64_product} {ergonomic}
     bool UseCompressedOops                        = true                           {product lp64_product} {ergonomic}
     bool UseG1GC                                  = true                                      {product} {ergonomic}
     bool UseLargePagesIndividualAllocation        = false                                  {pd product} {ergonomic}

Logging:
Log output configuration:
 #0: stdout all=warning uptime,level,tags
 #1: stderr all=off uptime,level,tags

Environment Variables:
PATH=C:\WINDOWS\system32;C:\WINDOWS;C:\WINDOWS\System32\Wbem;C:\WINDOWS\System32\WindowsPowerShell\v1.0\;C:\WINDOWS\System32\OpenSSH\;C:\Program Files\Docker\Docker\resources\bin;C:\Users\Asus\AppData\Local\Microsoft\WindowsApps;
USERNAME=Asus
OS=Windows_NT
PROCESSOR_IDENTIFIER=AMD64 Family 23 Model 24 Stepping 1, AuthenticAMD
TMP=C:\Users\Asus\AppData\Local\Temp
TEMP=C:\Users\Asus\AppData\Local\Temp



Periodic native trim disabled


---------------  S Y S T E M  ---------------

OS:
 Windows 11 , 64 bit Build 26100 (10.0.26100.5074)
OS uptime: 33 days 22:33 hours
Hyper-V role detected

CPU: total 8 (initial active 8) (8 cores per cpu, 2 threads per core) family 23 model 24 stepping 1 microcode 0x8108109, cx8, cmov, fxsr, ht, mmx, 3dnowpref, sse, sse2, sse3, ssse3, sse4a, sse4.1, sse4.2, popcnt, lzcnt, tsc, tscinvbit, avx, avx2, aes, clmul, bmi1, bmi2, adx, sha, fma, vzeroupper, clflush, clflushopt, hv
Processor Information for all 8 processors :
  Max Mhz: 2100, Current Mhz: 2100, Mhz Limit: 2100

Memory: 4k page, system-wide physical 10187M (1889M free)
TotalPageFile size 12235M (AvailPageFile size 18M)
current process WorkingSet (physical memory assigned to process): 13M, peak: 13M
current process commit charge ("private bytes"): 60M, peak: 220M

vm_info: OpenJDK 64-Bit Server VM (17.0.16+8-LTS) for windows-amd64 JRE (17.0.16+8-LTS), built on Jul  9 2025 19:25:12 by "Administrator" with MS VC++ 16.10 / 16.11 (VS2019)

END.
